WARNING:log:Failed login
INFO:werkzeug:127.0.0.1 - - [05/Apr/2024 15:55:21] "POST /login HTTP/1.1" 200 -
INFO:werkzeug:127.0.0.1 - - [05/Apr/2024 15:55:21] "GET /static/css/login.css HTTP/1.1" 200 -
INFO:werkzeug:127.0.0.1 - - [05/Apr/2024 15:55:23] "[33mGET /favicon.ico HTTP/1.1[0m" 404 -
INFO:werkzeug: * Detected change in '/workspace/fileshark/service.py', reloading
INFO:werkzeug: * Restarting with stat
WARNING:werkzeug: * Debugger is active!
INFO:werkzeug: * Debugger PIN: 869-541-392
INFO:werkzeug:[31m[1mWARNING: This is a development server. Do not use it in a production deployment. Use a production WSGI server instead.[0m
 * Running on http://127.0.0.1:5000
INFO:werkzeug:[33mPress CTRL+C to quit[0m
INFO:werkzeug: * Restarting with stat
WARNING:werkzeug: * Debugger is active!
INFO:werkzeug: * Debugger PIN: 625-607-721
INFO:werkzeug:127.0.0.1 - - [05/Apr/2024 23:17:14] "GET / HTTP/1.1" 200 -
INFO:werkzeug:127.0.0.1 - - [05/Apr/2024 23:17:14] "[36mGET /static/css/login.css HTTP/1.1[0m" 304 -
INFO:werkzeug: * Detected change in '/workspace/fileshark/service.py', reloading
INFO:werkzeug: * Restarting with stat
WARNING:werkzeug: * Debugger is active!
INFO:werkzeug: * Debugger PIN: 625-607-721
INFO:werkzeug: * Detected change in '/workspace/fileshark/service.py', reloading
INFO:werkzeug: * Restarting with stat
INFO:werkzeug: * Restarting with stat
WARNING:werkzeug: * Debugger is active!
INFO:werkzeug: * Debugger PIN: 625-607-721
INFO:werkzeug: * Detected change in '/workspace/fileshark/service.py', reloading
INFO:werkzeug: * Restarting with stat
WARNING:werkzeug: * Debugger is active!
INFO:werkzeug: * Debugger PIN: 625-607-721
INFO:werkzeug: * Detected change in '/workspace/fileshark/service.py', reloading
INFO:werkzeug: * Restarting with stat
INFO:werkzeug: * Restarting with stat
WARNING:werkzeug: * Debugger is active!
INFO:werkzeug: * Debugger PIN: 625-607-721
INFO:werkzeug: * Detected change in '/workspace/fileshark/service.py', reloading
INFO:werkzeug: * Restarting with stat
WARNING:werkzeug: * Debugger is active!
INFO:werkzeug: * Debugger PIN: 625-607-721
INFO:werkzeug: * Detected change in '/workspace/fileshark/service.py', reloading
INFO:werkzeug: * Restarting with stat
INFO:werkzeug: * Restarting with stat
WARNING:werkzeug: * Debugger is active!
INFO:werkzeug: * Debugger PIN: 625-607-721
INFO:werkzeug: * Detected change in '/workspace/fileshark/service.py', reloading
INFO:werkzeug: * Restarting with stat
WARNING:werkzeug: * Debugger is active!
INFO:werkzeug: * Debugger PIN: 625-607-721
INFO:werkzeug: * Detected change in '/workspace/fileshark/service.py', reloading
INFO:werkzeug: * Restarting with stat
WARNING:werkzeug: * Debugger is active!
INFO:werkzeug: * Debugger PIN: 625-607-721
INFO:werkzeug: * Detected change in '/workspace/fileshark/service.py', reloading
INFO:werkzeug: * Restarting with stat
WARNING:werkzeug: * Debugger is active!
INFO:werkzeug: * Debugger PIN: 625-607-721
INFO:werkzeug: * Detected change in '/workspace/fileshark/service.py', reloading
INFO:werkzeug: * Restarting with stat
WARNING:werkzeug: * Debugger is active!
INFO:werkzeug: * Debugger PIN: 625-607-721
INFO:werkzeug: * Detected change in '/workspace/fileshark/service.py', reloading
INFO:werkzeug: * Restarting with stat
WARNING:werkzeug: * Debugger is active!
INFO:werkzeug: * Debugger PIN: 625-607-721
INFO:werkzeug: * Detected change in '/workspace/fileshark/service.py', reloading
INFO:werkzeug: * Restarting with stat
WARNING:werkzeug: * Debugger is active!
INFO:werkzeug: * Debugger PIN: 625-607-721
INFO:werkzeug: * Detected change in '/workspace/fileshark/service.py', reloading
INFO:werkzeug: * Restarting with stat
WARNING:werkzeug: * Debugger is active!
INFO:werkzeug: * Debugger PIN: 625-607-721
INFO:werkzeug: * Detected change in '/workspace/fileshark/service.py', reloading
INFO:werkzeug: * Restarting with stat
WARNING:werkzeug: * Debugger is active!
INFO:werkzeug: * Debugger PIN: 625-607-721
INFO:user-adminuser:Logged
INFO:werkzeug:127.0.0.1 - - [05/Apr/2024 23:20:06] "POST /login HTTP/1.1" 200 -
INFO:werkzeug:127.0.0.1 - - [05/Apr/2024 23:20:06] "[36mGET /static/icon/dir.png HTTP/1.1[0m" 304 -
INFO:werkzeug:127.0.0.1 - - [05/Apr/2024 23:20:06] "[36mGET /static/icon/txt.png HTTP/1.1[0m" 304 -
INFO:werkzeug:127.0.0.1 - - [05/Apr/2024 23:20:06] "[36mGET /static/css/index.css HTTP/1.1[0m" 304 -
INFO:werkzeug: * Detected change in '/workspace/fileshark/service.py', reloading
INFO:werkzeug: * Restarting with stat
WARNING:werkzeug: * Debugger is active!
INFO:werkzeug: * Debugger PIN: 625-607-721
INFO:werkzeug: * Detected change in '/workspace/fileshark/service.py', reloading
INFO:werkzeug: * Restarting with stat
WARNING:werkzeug: * Debugger is active!
INFO:werkzeug: * Debugger PIN: 625-607-721
INFO:werkzeug: * Detected change in '/workspace/fileshark/service.py', reloading
INFO:werkzeug: * Restarting with stat
INFO:werkzeug: * Restarting with stat
WARNING:werkzeug: * Debugger is active!
INFO:werkzeug: * Debugger PIN: 625-607-721
INFO:werkzeug: * Detected change in '/workspace/fileshark/service.py', reloading
INFO:werkzeug: * Restarting with stat
WARNING:werkzeug: * Debugger is active!
INFO:werkzeug: * Debugger PIN: 625-607-721
INFO:werkzeug: * Detected change in '/workspace/fileshark/service.py', reloading
INFO:werkzeug: * Restarting with stat
WARNING:werkzeug: * Debugger is active!
INFO:werkzeug: * Debugger PIN: 625-607-721
INFO:werkzeug: * Detected change in '/workspace/fileshark/service.py', reloading
INFO:werkzeug: * Restarting with stat
WARNING:werkzeug: * Debugger is active!
INFO:werkzeug: * Debugger PIN: 625-607-721
INFO:werkzeug: * Detected change in '/workspace/fileshark/service.py', reloading
INFO:werkzeug: * Restarting with stat
WARNING:werkzeug: * Debugger is active!
INFO:werkzeug: * Debugger PIN: 625-607-721
INFO:werkzeug: * Detected change in '/workspace/fileshark/service.py', reloading
INFO:werkzeug: * Restarting with stat
WARNING:werkzeug: * Debugger is active!
INFO:werkzeug: * Debugger PIN: 625-607-721
INFO:werkzeug: * Detected change in '/workspace/fileshark/service.py', reloading
INFO:werkzeug: * Restarting with stat
WARNING:werkzeug: * Debugger is active!
INFO:werkzeug: * Debugger PIN: 625-607-721
INFO:werkzeug: * Detected change in '/workspace/fileshark/service.py', reloading
INFO:werkzeug: * Restarting with stat
WARNING:werkzeug: * Debugger is active!
INFO:werkzeug: * Debugger PIN: 625-607-721
INFO:werkzeug: * Detected change in '/workspace/fileshark/service.py', reloading
INFO:werkzeug: * Restarting with stat
INFO:werkzeug: * Restarting with stat
WARNING:werkzeug: * Debugger is active!
INFO:werkzeug: * Debugger PIN: 625-607-721
INFO:werkzeug: * Detected change in '/workspace/fileshark/service.py', reloading
INFO:werkzeug: * Restarting with stat
WARNING:werkzeug: * Debugger is active!
INFO:werkzeug: * Debugger PIN: 625-607-721
INFO:werkzeug: * Detected change in '/workspace/fileshark/service.py', reloading
INFO:werkzeug: * Restarting with stat
WARNING:werkzeug: * Debugger is active!
INFO:werkzeug: * Debugger PIN: 625-607-721
INFO:werkzeug: * Detected change in '/workspace/fileshark/service.py', reloading
INFO:werkzeug: * Restarting with stat
WARNING:werkzeug: * Debugger is active!
INFO:werkzeug: * Debugger PIN: 625-607-721
INFO:werkzeug: * Detected change in '/workspace/fileshark/service.py', reloading
INFO:werkzeug: * Restarting with stat
WARNING:werkzeug: * Debugger is active!
INFO:werkzeug: * Debugger PIN: 625-607-721
INFO:werkzeug: * Detected change in '/workspace/fileshark/service.py', reloading
INFO:werkzeug: * Restarting with stat
WARNING:werkzeug: * Debugger is active!
INFO:werkzeug: * Debugger PIN: 625-607-721
INFO:werkzeug: * Detected change in '/workspace/fileshark/service.py', reloading
INFO:werkzeug: * Restarting with stat
WARNING:werkzeug: * Debugger is active!
INFO:werkzeug: * Debugger PIN: 625-607-721
INFO:werkzeug: * Detected change in '/workspace/fileshark/service.py', reloading
INFO:werkzeug: * Restarting with stat
WARNING:werkzeug: * Debugger is active!
INFO:werkzeug: * Debugger PIN: 625-607-721
INFO:werkzeug: * Detected change in '/workspace/fileshark/service.py', reloading
INFO:werkzeug: * Restarting with stat
INFO:werkzeug: * Restarting with stat
WARNING:werkzeug: * Debugger is active!
INFO:werkzeug: * Debugger PIN: 625-607-721
INFO:werkzeug: * Detected change in '/workspace/fileshark/service.py', reloading
INFO:werkzeug: * Restarting with stat
WARNING:werkzeug: * Debugger is active!
INFO:werkzeug: * Debugger PIN: 625-607-721
INFO:werkzeug: * Detected change in '/workspace/fileshark/service.py', reloading
INFO:werkzeug: * Restarting with stat
INFO:werkzeug: * Restarting with stat
INFO:werkzeug: * Restarting with stat
INFO:werkzeug: * Restarting with stat
INFO:werkzeug: * Restarting with stat
INFO:werkzeug: * Restarting with stat
INFO:werkzeug: * Restarting with stat
INFO:werkzeug: * Restarting with stat
INFO:werkzeug: * Restarting with stat
INFO:werkzeug: * Restarting with stat
INFO:werkzeug: * Restarting with stat
INFO:werkzeug: * Restarting with stat
INFO:werkzeug: * Restarting with stat
WARNING:werkzeug: * Debugger is active!
INFO:werkzeug: * Debugger PIN: 625-607-721
INFO:werkzeug:127.0.0.1 - - [05/Apr/2024 23:26:15] "GET /?path=/workspace/fileshark/users/adminuser/systemfiles&sessionid=0e8eaf91-aa43-442a-9185-75c28f49c333 HTTP/1.1" 200 -
INFO:werkzeug:127.0.0.1 - - [05/Apr/2024 23:26:15] "GET /static/css/index.css HTTP/1.1" 200 -
INFO:werkzeug:127.0.0.1 - - [05/Apr/2024 23:26:15] "[36mGET /static/icon/json.png HTTP/1.1[0m" 304 -
INFO:werkzeug:127.0.0.1 - - [05/Apr/2024 23:26:15] "[36mGET /static/icon/dir.png HTTP/1.1[0m" 304 -
INFO:werkzeug:127.0.0.1 - - [05/Apr/2024 23:26:15] "[33mGET /favicon.ico HTTP/1.1[0m" 404 -
INFO:werkzeug:127.0.0.1 - - [05/Apr/2024 23:26:44] "GET /deletedir?path=/workspace/fileshark/users/adminuser/systemfiles&sessionid=0e8eaf91-aa43-442a-9185-75c28f49c333&dir=test HTTP/1.1" 200 -
INFO:werkzeug:127.0.0.1 - - [05/Apr/2024 23:26:44] "[36mGET /static/css/index.css HTTP/1.1[0m" 304 -
WARNING:user-adminuser:Cannot access the directory : /workspace/fileshark/test
INFO:werkzeug:127.0.0.1 - - [05/Apr/2024 23:26:58] "GET /deletedir?path=/workspace/fileshark&sessionid=0e8eaf91-aa43-442a-9185-75c28f49c333&dir=test HTTP/1.1" 200 -
INFO:werkzeug:127.0.0.1 - - [05/Apr/2024 23:26:59] "GET /static/icon/md.png HTTP/1.1" 200 -
INFO:werkzeug:127.0.0.1 - - [05/Apr/2024 23:26:59] "[36mGET /static/css/index.css HTTP/1.1[0m" 304 -
INFO:werkzeug:127.0.0.1 - - [05/Apr/2024 23:26:59] "GET /static/icon/py.png HTTP/1.1" 200 -
INFO:werkzeug:127.0.0.1 - - [05/Apr/2024 23:26:59] "GET /static/icon/unknown.png HTTP/1.1" 200 -
INFO:werkzeug:127.0.0.1 - - [05/Apr/2024 23:27:00] "[36mGET /static/icon/dir.png HTTP/1.1[0m" 304 -
INFO:werkzeug:127.0.0.1 - - [05/Apr/2024 23:27:00] "[36mGET /static/icon/txt.png HTTP/1.1[0m" 304 -
INFO:werkzeug:127.0.0.1 - - [05/Apr/2024 23:27:19] "GET /?path=/workspace/fileshark/test&sessionid=0e8eaf91-aa43-442a-9185-75c28f49c333 HTTP/1.1" 200 -
INFO:werkzeug:127.0.0.1 - - [05/Apr/2024 23:27:19] "[36mGET /static/icon/dir.png HTTP/1.1[0m" 304 -
INFO:werkzeug:127.0.0.1 - - [05/Apr/2024 23:27:19] "[36mGET /static/css/index.css HTTP/1.1[0m" 304 -
INFO:werkzeug:127.0.0.1 - - [05/Apr/2024 23:27:22] "GET /?path=/workspace/fileshark/test/..&sessionid=0e8eaf91-aa43-442a-9185-75c28f49c333 HTTP/1.1" 200 -
INFO:werkzeug:127.0.0.1 - - [05/Apr/2024 23:27:23] "[36mGET /static/css/index.css HTTP/1.1[0m" 304 -
INFO:werkzeug:127.0.0.1 - - [05/Apr/2024 23:27:23] "[36mGET /static/icon/dir.png HTTP/1.1[0m" 304 -
INFO:werkzeug:127.0.0.1 - - [05/Apr/2024 23:27:23] "GET /static/icon/md.png HTTP/1.1" 200 -
INFO:werkzeug:127.0.0.1 - - [05/Apr/2024 23:27:23] "[36mGET /static/icon/py.png HTTP/1.1[0m" 304 -
INFO:werkzeug:127.0.0.1 - - [05/Apr/2024 23:27:23] "[36mGET /static/icon/unknown.png HTTP/1.1[0m" 304 -
INFO:werkzeug:127.0.0.1 - - [05/Apr/2024 23:27:23] "[36mGET /static/icon/txt.png HTTP/1.1[0m" 304 -
WARNING:user-adminuser:Cannot access the directory : /workspace/fileshark/test
INFO:werkzeug:127.0.0.1 - - [05/Apr/2024 23:27:26] "GET /deletedir?dir=test&sessionid=0e8eaf91-aa43-442a-9185-75c28f49c333&path=/workspace/fileshark HTTP/1.1" 200 -
INFO:werkzeug:127.0.0.1 - - [05/Apr/2024 23:27:27] "[36mGET /static/css/index.css HTTP/1.1[0m" 304 -
INFO:werkzeug:127.0.0.1 - - [05/Apr/2024 23:27:28] "[36mGET /static/icon/md.png HTTP/1.1[0m" 304 -
INFO:werkzeug:127.0.0.1 - - [05/Apr/2024 23:27:28] "[36mGET /static/icon/dir.png HTTP/1.1[0m" 304 -
INFO:werkzeug:127.0.0.1 - - [05/Apr/2024 23:27:28] "[36mGET /static/icon/py.png HTTP/1.1[0m" 304 -
INFO:werkzeug:127.0.0.1 - - [05/Apr/2024 23:27:28] "[36mGET /static/icon/unknown.png HTTP/1.1[0m" 304 -
INFO:werkzeug:127.0.0.1 - - [05/Apr/2024 23:27:28] "[36mGET /static/icon/txt.png HTTP/1.1[0m" 304 -
INFO:werkzeug: * Detected change in '/workspace/fileshark/service.py', reloading
INFO:werkzeug: * Restarting with stat
WARNING:werkzeug: * Debugger is active!
INFO:werkzeug: * Debugger PIN: 625-607-721
INFO:werkzeug: * Detected change in '/workspace/fileshark/service.py', reloading
INFO:werkzeug: * Restarting with stat
INFO:werkzeug: * Restarting with stat
INFO:werkzeug: * Restarting with stat
INFO:werkzeug: * Restarting with stat
INFO:werkzeug: * Restarting with stat
INFO:werkzeug: * Restarting with stat
INFO:werkzeug: * Restarting with stat
WARNING:werkzeug: * Debugger is active!
INFO:werkzeug: * Debugger PIN: 625-607-721
INFO:werkzeug: * Detected change in '/workspace/fileshark/service.py', reloading
INFO:werkzeug: * Restarting with stat
WARNING:werkzeug: * Debugger is active!
INFO:werkzeug: * Debugger PIN: 625-607-721
INFO:werkzeug:127.0.0.1 - - [05/Apr/2024 23:30:07] "GET /deletedir?dir=test&sessionid=0e8eaf91-aa43-442a-9185-75c28f49c333&path=/workspace/fileshark HTTP/1.1" 200 -
INFO:werkzeug:127.0.0.1 - - [05/Apr/2024 23:30:07] "GET /static/css/index.css HTTP/1.1" 200 -
INFO:werkzeug:127.0.0.1 - - [05/Apr/2024 23:30:07] "GET /static/icon/dir.png HTTP/1.1" 200 -
INFO:werkzeug:127.0.0.1 - - [05/Apr/2024 23:30:07] "[36mGET /static/icon/md.png HTTP/1.1[0m" 304 -
INFO:werkzeug:127.0.0.1 - - [05/Apr/2024 23:30:07] "[36mGET /static/icon/py.png HTTP/1.1[0m" 304 -
INFO:werkzeug:127.0.0.1 - - [05/Apr/2024 23:30:07] "[36mGET /static/icon/unknown.png HTTP/1.1[0m" 304 -
INFO:werkzeug:127.0.0.1 - - [05/Apr/2024 23:30:07] "[36mGET /static/icon/txt.png HTTP/1.1[0m" 304 -
INFO:werkzeug:127.0.0.1 - - [05/Apr/2024 23:30:18] "GET /?path=/workspace/fileshark/templates&sessionid=0e8eaf91-aa43-442a-9185-75c28f49c333 HTTP/1.1" 200 -
INFO:werkzeug:127.0.0.1 - - [05/Apr/2024 23:30:18] "GET /static/icon/html.png HTTP/1.1" 200 -
INFO:werkzeug:127.0.0.1 - - [05/Apr/2024 23:30:18] "[36mGET /static/css/index.css HTTP/1.1[0m" 304 -
INFO:werkzeug:127.0.0.1 - - [05/Apr/2024 23:30:18] "[36mGET /static/icon/dir.png HTTP/1.1[0m" 304 -
INFO:werkzeug:127.0.0.1 - - [05/Apr/2024 23:30:19] "GET /?path=/workspace/fileshark/templates/..&sessionid=0e8eaf91-aa43-442a-9185-75c28f49c333 HTTP/1.1" 200 -
INFO:werkzeug:127.0.0.1 - - [05/Apr/2024 23:30:19] "[36mGET /static/css/index.css HTTP/1.1[0m" 304 -
INFO:werkzeug:127.0.0.1 - - [05/Apr/2024 23:30:20] "[36mGET /static/icon/dir.png HTTP/1.1[0m" 304 -
INFO:werkzeug:127.0.0.1 - - [05/Apr/2024 23:30:20] "[36mGET /static/icon/md.png HTTP/1.1[0m" 304 -
INFO:werkzeug:127.0.0.1 - - [05/Apr/2024 23:30:20] "[36mGET /static/icon/py.png HTTP/1.1[0m" 304 -
INFO:werkzeug:127.0.0.1 - - [05/Apr/2024 23:30:20] "[36mGET /static/icon/unknown.png HTTP/1.1[0m" 304 -
INFO:werkzeug:127.0.0.1 - - [05/Apr/2024 23:30:20] "[36mGET /static/icon/txt.png HTTP/1.1[0m" 304 -
INFO:werkzeug:127.0.0.1 - - [05/Apr/2024 23:30:20] "GET /?path=/workspace/fileshark/..&sessionid=0e8eaf91-aa43-442a-9185-75c28f49c333 HTTP/1.1" 200 -
INFO:werkzeug:127.0.0.1 - - [05/Apr/2024 23:30:20] "[36mGET /static/css/index.css HTTP/1.1[0m" 304 -
INFO:werkzeug:127.0.0.1 - - [05/Apr/2024 23:30:20] "[36mGET /static/icon/dir.png HTTP/1.1[0m" 304 -
INFO:werkzeug:127.0.0.1 - - [05/Apr/2024 23:30:22] "GET /?path=/workspace/..&sessionid=0e8eaf91-aa43-442a-9185-75c28f49c333 HTTP/1.1" 200 -
INFO:werkzeug:127.0.0.1 - - [05/Apr/2024 23:30:22] "[36mGET /static/css/index.css HTTP/1.1[0m" 304 -
INFO:werkzeug:127.0.0.1 - - [05/Apr/2024 23:30:22] "[36mGET /static/icon/dir.png HTTP/1.1[0m" 304 -
INFO:werkzeug:127.0.0.1 - - [05/Apr/2024 23:30:26] "GET /?path=//.workspace&sessionid=0e8eaf91-aa43-442a-9185-75c28f49c333 HTTP/1.1" 200 -
INFO:werkzeug:127.0.0.1 - - [05/Apr/2024 23:30:26] "[36mGET /static/css/index.css HTTP/1.1[0m" 304 -
INFO:werkzeug:127.0.0.1 - - [05/Apr/2024 23:30:26] "[36mGET /static/icon/dir.png HTTP/1.1[0m" 304 -
INFO:werkzeug:127.0.0.1 - - [05/Apr/2024 23:30:27] "GET /?path=/.workspace/..&sessionid=0e8eaf91-aa43-442a-9185-75c28f49c333 HTTP/1.1" 200 -
INFO:werkzeug:127.0.0.1 - - [05/Apr/2024 23:30:28] "[36mGET /static/css/index.css HTTP/1.1[0m" 304 -
INFO:werkzeug:127.0.0.1 - - [05/Apr/2024 23:30:28] "[36mGET /static/icon/dir.png HTTP/1.1[0m" 304 -
INFO:werkzeug:127.0.0.1 - - [05/Apr/2024 23:30:30] "GET /?path=//workspace&sessionid=0e8eaf91-aa43-442a-9185-75c28f49c333 HTTP/1.1" 200 -
INFO:werkzeug:127.0.0.1 - - [05/Apr/2024 23:30:30] "GET /static/css/index.css HTTP/1.1" 200 -
INFO:werkzeug:127.0.0.1 - - [05/Apr/2024 23:30:30] "[36mGET /static/icon/dir.png HTTP/1.1[0m" 304 -
INFO:werkzeug:127.0.0.1 - - [05/Apr/2024 23:30:30] "[33mGET /favicon.ico HTTP/1.1[0m" 404 -
INFO:werkzeug:127.0.0.1 - - [05/Apr/2024 23:30:31] "GET /?path=/workspace/fileshark&sessionid=0e8eaf91-aa43-442a-9185-75c28f49c333 HTTP/1.1" 200 -
INFO:werkzeug:127.0.0.1 - - [05/Apr/2024 23:30:31] "[36mGET /static/css/index.css HTTP/1.1[0m" 304 -
INFO:werkzeug:127.0.0.1 - - [05/Apr/2024 23:30:31] "[36mGET /static/icon/dir.png HTTP/1.1[0m" 304 -
INFO:werkzeug:127.0.0.1 - - [05/Apr/2024 23:30:31] "GET /static/icon/md.png HTTP/1.1" 200 -
INFO:werkzeug:127.0.0.1 - - [05/Apr/2024 23:30:32] "GET /static/icon/py.png HTTP/1.1" 200 -
INFO:werkzeug:127.0.0.1 - - [05/Apr/2024 23:30:32] "[36mGET /static/icon/unknown.png HTTP/1.1[0m" 304 -
INFO:werkzeug:127.0.0.1 - - [05/Apr/2024 23:30:32] "[36mGET /static/icon/txt.png HTTP/1.1[0m" 304 -
INFO:werkzeug:127.0.0.1 - - [05/Apr/2024 23:30:33] "GET /?path=/workspace/fileshark/users&sessionid=0e8eaf91-aa43-442a-9185-75c28f49c333 HTTP/1.1" 200 -
INFO:werkzeug:127.0.0.1 - - [05/Apr/2024 23:30:33] "[36mGET /static/icon/dir.png HTTP/1.1[0m" 304 -
INFO:werkzeug:127.0.0.1 - - [05/Apr/2024 23:30:33] "[36mGET /static/css/index.css HTTP/1.1[0m" 304 -
INFO:werkzeug:127.0.0.1 - - [05/Apr/2024 23:30:34] "GET /?path=/workspace/fileshark/users/adminuser&sessionid=0e8eaf91-aa43-442a-9185-75c28f49c333 HTTP/1.1" 200 -
INFO:werkzeug:127.0.0.1 - - [05/Apr/2024 23:30:34] "GET /static/css/index.css HTTP/1.1" 200 -
INFO:werkzeug:127.0.0.1 - - [05/Apr/2024 23:30:34] "GET /static/icon/dir.png HTTP/1.1" 200 -
INFO:werkzeug:127.0.0.1 - - [05/Apr/2024 23:30:34] "[36mGET /static/icon/txt.png HTTP/1.1[0m" 304 -
INFO:werkzeug:127.0.0.1 - - [05/Apr/2024 23:30:36] "GET /?path=/workspace/fileshark/users/adminuser/systemfiles&sessionid=0e8eaf91-aa43-442a-9185-75c28f49c333 HTTP/1.1" 200 -
INFO:werkzeug:127.0.0.1 - - [05/Apr/2024 23:30:36] "[36mGET /static/css/index.css HTTP/1.1[0m" 304 -
INFO:werkzeug:127.0.0.1 - - [05/Apr/2024 23:30:36] "GET /static/icon/json.png HTTP/1.1" 200 -
INFO:werkzeug:127.0.0.1 - - [05/Apr/2024 23:30:36] "[36mGET /static/icon/dir.png HTTP/1.1[0m" 304 -
INFO:werkzeug:127.0.0.1 - - [05/Apr/2024 23:30:38] "GET /?path=/workspace/fileshark/users/adminuser/systemfiles/..&sessionid=0e8eaf91-aa43-442a-9185-75c28f49c333 HTTP/1.1" 200 -
INFO:werkzeug:127.0.0.1 - - [05/Apr/2024 23:30:38] "[36mGET /static/css/index.css HTTP/1.1[0m" 304 -
INFO:werkzeug:127.0.0.1 - - [05/Apr/2024 23:30:38] "[36mGET /static/icon/dir.png HTTP/1.1[0m" 304 -
INFO:werkzeug:127.0.0.1 - - [05/Apr/2024 23:30:38] "[36mGET /static/icon/txt.png HTTP/1.1[0m" 304 -
INFO:werkzeug: * Detected change in '/workspace/fileshark/service.py', reloading
INFO:werkzeug: * Restarting with stat
WARNING:werkzeug: * Debugger is active!
INFO:werkzeug: * Debugger PIN: 625-607-721
INFO:werkzeug: * Detected change in '/workspace/fileshark/service.py', reloading
INFO:werkzeug: * Restarting with stat
WARNING:werkzeug: * Debugger is active!
INFO:werkzeug: * Debugger PIN: 625-607-721
INFO:werkzeug: * Detected change in '/workspace/fileshark/service.py', reloading
INFO:werkzeug: * Restarting with stat
WARNING:werkzeug: * Debugger is active!
INFO:werkzeug: * Debugger PIN: 625-607-721
INFO:werkzeug: * Detected change in '/workspace/fileshark/service.py', reloading
INFO:werkzeug: * Restarting with stat
WARNING:werkzeug: * Debugger is active!
INFO:werkzeug: * Debugger PIN: 625-607-721
INFO:werkzeug: * Detected change in '/workspace/fileshark/service.py', reloading
INFO:werkzeug: * Restarting with stat
INFO:werkzeug: * Restarting with stat
INFO:werkzeug: * Restarting with stat
INFO:werkzeug: * Restarting with stat
INFO:werkzeug: * Restarting with stat
INFO:werkzeug: * Restarting with stat
INFO:werkzeug: * Restarting with stat
INFO:werkzeug: * Restarting with stat
WARNING:werkzeug: * Debugger is active!
INFO:werkzeug: * Debugger PIN: 625-607-721
INFO:werkzeug: * Detected change in '/workspace/fileshark/service.py', reloading
INFO:werkzeug: * Restarting with stat
INFO:werkzeug: * Restarting with stat
INFO:werkzeug: * Restarting with stat
WARNING:werkzeug: * Debugger is active!
INFO:werkzeug: * Debugger PIN: 625-607-721
INFO:werkzeug: * Detected change in '/workspace/fileshark/service.py', reloading
INFO:werkzeug: * Restarting with stat
WARNING:werkzeug: * Debugger is active!
INFO:werkzeug: * Debugger PIN: 625-607-721
INFO:werkzeug: * Detected change in '/workspace/fileshark/service.py', reloading
INFO:werkzeug: * Restarting with stat
WARNING:werkzeug: * Debugger is active!
INFO:werkzeug: * Debugger PIN: 625-607-721
INFO:werkzeug: * Detected change in '/workspace/fileshark/service.py', reloading
INFO:werkzeug: * Restarting with stat
WARNING:werkzeug: * Debugger is active!
INFO:werkzeug: * Debugger PIN: 625-607-721
INFO:werkzeug: * Detected change in '/workspace/fileshark/service.py', reloading
INFO:werkzeug: * Restarting with stat
WARNING:werkzeug: * Debugger is active!
INFO:werkzeug: * Debugger PIN: 625-607-721
INFO:werkzeug: * Detected change in '/workspace/fileshark/service.py', reloading
INFO:werkzeug: * Restarting with stat
WARNING:werkzeug: * Debugger is active!
INFO:werkzeug: * Debugger PIN: 625-607-721
INFO:werkzeug: * Detected change in '/workspace/fileshark/service.py', reloading
INFO:werkzeug: * Restarting with stat
WARNING:werkzeug: * Debugger is active!
INFO:werkzeug: * Debugger PIN: 625-607-721
INFO:werkzeug: * Detected change in '/workspace/fileshark/service.py', reloading
INFO:werkzeug: * Restarting with stat
WARNING:werkzeug: * Debugger is active!
INFO:werkzeug: * Debugger PIN: 625-607-721
INFO:werkzeug: * Detected change in '/workspace/fileshark/service.py', reloading
INFO:werkzeug: * Restarting with stat
WARNING:werkzeug: * Debugger is active!
INFO:werkzeug: * Debugger PIN: 625-607-721
INFO:werkzeug: * Detected change in '/workspace/fileshark/service.py', reloading
INFO:werkzeug: * Restarting with stat
WARNING:werkzeug: * Debugger is active!
INFO:werkzeug: * Debugger PIN: 625-607-721
INFO:werkzeug: * Detected change in '/workspace/fileshark/service.py', reloading
INFO:werkzeug: * Restarting with stat
WARNING:werkzeug: * Debugger is active!
INFO:werkzeug: * Debugger PIN: 625-607-721
INFO:werkzeug: * Detected change in '/workspace/fileshark/service.py', reloading
INFO:werkzeug: * Restarting with stat
WARNING:werkzeug: * Debugger is active!
INFO:werkzeug: * Debugger PIN: 625-607-721
INFO:werkzeug: * Detected change in '/workspace/fileshark/service.py', reloading
INFO:werkzeug: * Restarting with stat
WARNING:werkzeug: * Debugger is active!
INFO:werkzeug: * Debugger PIN: 625-607-721
INFO:werkzeug: * Detected change in '/workspace/fileshark/service.py', reloading
INFO:werkzeug: * Restarting with stat
WARNING:werkzeug: * Debugger is active!
INFO:werkzeug: * Debugger PIN: 625-607-721
INFO:werkzeug: * Detected change in '/workspace/fileshark/service.py', reloading
INFO:werkzeug: * Restarting with stat
WARNING:werkzeug: * Debugger is active!
INFO:werkzeug: * Debugger PIN: 625-607-721
INFO:werkzeug: * Detected change in '/workspace/fileshark/service.py', reloading
INFO:werkzeug: * Restarting with stat
WARNING:werkzeug: * Debugger is active!
INFO:werkzeug: * Debugger PIN: 625-607-721
INFO:werkzeug: * Detected change in '/workspace/fileshark/service.py', reloading
INFO:werkzeug: * Restarting with stat
WARNING:werkzeug: * Debugger is active!
INFO:werkzeug: * Debugger PIN: 625-607-721
INFO:werkzeug: * Detected change in '/workspace/fileshark/service.py', reloading
INFO:werkzeug: * Restarting with stat
WARNING:werkzeug: * Debugger is active!
INFO:werkzeug: * Debugger PIN: 625-607-721
INFO:werkzeug: * Detected change in '/workspace/fileshark/service.py', reloading
INFO:werkzeug: * Restarting with stat
WARNING:werkzeug: * Debugger is active!
INFO:werkzeug: * Debugger PIN: 625-607-721
INFO:werkzeug: * Detected change in '/workspace/fileshark/service.py', reloading
INFO:werkzeug: * Restarting with stat
WARNING:werkzeug: * Debugger is active!
INFO:werkzeug: * Debugger PIN: 625-607-721
INFO:werkzeug: * Detected change in '/workspace/fileshark/service.py', reloading
INFO:werkzeug: * Restarting with stat
WARNING:werkzeug: * Debugger is active!
INFO:werkzeug: * Debugger PIN: 625-607-721
INFO:werkzeug: * Detected change in '/workspace/fileshark/service.py', reloading
INFO:werkzeug: * Restarting with stat
WARNING:werkzeug: * Debugger is active!
INFO:werkzeug: * Debugger PIN: 625-607-721
INFO:werkzeug: * Detected change in '/workspace/fileshark/service.py', reloading
INFO:werkzeug: * Restarting with stat
WARNING:werkzeug: * Debugger is active!
INFO:werkzeug: * Debugger PIN: 625-607-721
INFO:werkzeug: * Detected change in '/workspace/fileshark/service.py', reloading
INFO:werkzeug: * Restarting with stat
WARNING:werkzeug: * Debugger is active!
INFO:werkzeug: * Debugger PIN: 625-607-721
INFO:werkzeug: * Detected change in '/workspace/fileshark/service.py', reloading
INFO:werkzeug: * Restarting with stat
WARNING:werkzeug: * Debugger is active!
INFO:werkzeug: * Debugger PIN: 625-607-721
INFO:werkzeug: * Detected change in '/workspace/fileshark/service.py', reloading
INFO:werkzeug: * Restarting with stat
WARNING:werkzeug: * Debugger is active!
INFO:werkzeug: * Debugger PIN: 625-607-721
INFO:werkzeug: * Detected change in '/workspace/fileshark/service.py', reloading
INFO:werkzeug: * Restarting with stat
WARNING:werkzeug: * Debugger is active!
INFO:werkzeug: * Debugger PIN: 625-607-721
INFO:werkzeug: * Detected change in '/workspace/fileshark/service.py', reloading
INFO:werkzeug: * Restarting with stat
WARNING:werkzeug: * Debugger is active!
INFO:werkzeug: * Debugger PIN: 625-607-721
INFO:werkzeug: * Detected change in '/workspace/fileshark/service.py', reloading
INFO:werkzeug: * Restarting with stat
WARNING:werkzeug: * Debugger is active!
INFO:werkzeug: * Debugger PIN: 625-607-721
INFO:werkzeug: * Detected change in '/workspace/fileshark/service.py', reloading
INFO:werkzeug: * Restarting with stat
WARNING:werkzeug: * Debugger is active!
INFO:werkzeug: * Debugger PIN: 625-607-721
INFO:werkzeug: * Detected change in '/workspace/fileshark/service.py', reloading
INFO:werkzeug: * Restarting with stat
WARNING:werkzeug: * Debugger is active!
INFO:werkzeug: * Debugger PIN: 625-607-721
INFO:werkzeug: * Detected change in '/workspace/fileshark/service.py', reloading
INFO:werkzeug: * Restarting with stat
WARNING:werkzeug: * Debugger is active!
INFO:werkzeug: * Debugger PIN: 625-607-721
WARNING:user-adminuser:Logout
INFO:werkzeug:127.0.0.1 - - [05/Apr/2024 23:51:52] "GET /logout?sessionid=0e8eaf91-aa43-442a-9185-75c28f49c333 HTTP/1.1" 200 -
INFO:werkzeug:127.0.0.1 - - [05/Apr/2024 23:51:53] "[36mGET /static/css/login.css HTTP/1.1[0m" 304 -
INFO:user-JanKowalski:User login
INFO:werkzeug:127.0.0.1 - - [05/Apr/2024 23:52:11] "POST /login HTTP/1.1" 200 -
INFO:werkzeug:127.0.0.1 - - [05/Apr/2024 23:52:11] "[36mGET /static/css/index.css HTTP/1.1[0m" 304 -
INFO:werkzeug:127.0.0.1 - - [05/Apr/2024 23:52:11] "[36mGET /static/icon/dir.png HTTP/1.1[0m" 304 -
INFO:werkzeug:127.0.0.1 - - [05/Apr/2024 23:52:11] "[36mGET /static/icon/txt.png HTTP/1.1[0m" 304 -
INFO:werkzeug:127.0.0.1 - - [05/Apr/2024 23:52:15] "GET /?path=/workspace/fileshark/users/JanKowalski/systemfiles&sessionid=1effa191-ff31-4176-82e7-aa4fa4ddf43d HTTP/1.1" 200 -
INFO:werkzeug:127.0.0.1 - - [05/Apr/2024 23:52:15] "[36mGET /static/css/index.css HTTP/1.1[0m" 304 -
INFO:werkzeug:127.0.0.1 - - [05/Apr/2024 23:52:15] "[36mGET /static/icon/dir.png HTTP/1.1[0m" 304 -
INFO:werkzeug:127.0.0.1 - - [05/Apr/2024 23:52:15] "[36mGET /static/icon/json.png HTTP/1.1[0m" 304 -
INFO:werkzeug: * Detected change in '/workspace/fileshark/service.py', reloading
INFO:werkzeug: * Restarting with stat
WARNING:werkzeug: * Debugger is active!
INFO:werkzeug: * Debugger PIN: 625-607-721
INFO:werkzeug: * Detected change in '/workspace/fileshark/service.py', reloading
INFO:werkzeug: * Restarting with stat
WARNING:werkzeug: * Debugger is active!
INFO:werkzeug: * Debugger PIN: 625-607-721
INFO:werkzeug: * Detected change in '/workspace/fileshark/service.py', reloading
INFO:werkzeug: * Restarting with stat
WARNING:werkzeug: * Debugger is active!
INFO:werkzeug: * Debugger PIN: 625-607-721
INFO:werkzeug: * Detected change in '/workspace/fileshark/service.py', reloading
INFO:werkzeug: * Restarting with stat
WARNING:werkzeug: * Debugger is active!
INFO:werkzeug: * Debugger PIN: 625-607-721
INFO:werkzeug: * Detected change in '/workspace/fileshark/service.py', reloading
INFO:werkzeug: * Restarting with stat
WARNING:werkzeug: * Debugger is active!
INFO:werkzeug: * Debugger PIN: 625-607-721
INFO:werkzeug: * Detected change in '/workspace/fileshark/service.py', reloading
INFO:werkzeug: * Restarting with stat
WARNING:werkzeug: * Debugger is active!
INFO:werkzeug: * Debugger PIN: 625-607-721
INFO:werkzeug: * Detected change in '/workspace/fileshark/service.py', reloading
INFO:werkzeug: * Restarting with stat
WARNING:werkzeug: * Debugger is active!
INFO:werkzeug: * Debugger PIN: 625-607-721
INFO:werkzeug: * Detected change in '/workspace/fileshark/service.py', reloading
INFO:werkzeug: * Restarting with stat
WARNING:werkzeug: * Debugger is active!
INFO:werkzeug: * Debugger PIN: 625-607-721
INFO:werkzeug: * Detected change in '/workspace/fileshark/service.py', reloading
INFO:werkzeug: * Restarting with stat
WARNING:werkzeug: * Debugger is active!
INFO:werkzeug: * Debugger PIN: 625-607-721
INFO:werkzeug: * Detected change in '/workspace/fileshark/service.py', reloading
INFO:werkzeug: * Restarting with stat
WARNING:werkzeug: * Debugger is active!
INFO:werkzeug: * Debugger PIN: 625-607-721
INFO:werkzeug: * Detected change in '/workspace/fileshark/service.py', reloading
INFO:werkzeug: * Restarting with stat
WARNING:werkzeug: * Debugger is active!
INFO:werkzeug: * Debugger PIN: 625-607-721
INFO:werkzeug: * Detected change in '/workspace/fileshark/service.py', reloading
INFO:werkzeug: * Restarting with stat
WARNING:werkzeug: * Debugger is active!
INFO:werkzeug: * Debugger PIN: 625-607-721
INFO:werkzeug: * Detected change in '/workspace/fileshark/service.py', reloading
INFO:werkzeug: * Restarting with stat
INFO:werkzeug: * Restarting with stat
WARNING:werkzeug: * Debugger is active!
INFO:werkzeug: * Debugger PIN: 625-607-721
INFO:werkzeug: * Detected change in '/workspace/fileshark/service.py', reloading
INFO:werkzeug: * Restarting with stat
WARNING:werkzeug: * Debugger is active!
INFO:werkzeug: * Debugger PIN: 625-607-721
INFO:werkzeug: * Detected change in '/workspace/fileshark/service.py', reloading
INFO:werkzeug: * Restarting with stat
WARNING:werkzeug: * Debugger is active!
INFO:werkzeug: * Debugger PIN: 625-607-721
INFO:werkzeug: * Detected change in '/workspace/fileshark/service.py', reloading
INFO:werkzeug: * Restarting with stat
WARNING:werkzeug: * Debugger is active!
INFO:werkzeug: * Debugger PIN: 625-607-721
INFO:werkzeug: * Detected change in '/workspace/fileshark/service.py', reloading
INFO:werkzeug: * Restarting with stat
WARNING:werkzeug: * Debugger is active!
INFO:werkzeug: * Debugger PIN: 625-607-721
INFO:werkzeug: * Detected change in '/workspace/fileshark/service.py', reloading
INFO:werkzeug: * Restarting with stat
WARNING:werkzeug: * Debugger is active!
INFO:werkzeug: * Debugger PIN: 625-607-721
INFO:werkzeug: * Detected change in '/workspace/fileshark/service.py', reloading
INFO:werkzeug: * Restarting with stat
WARNING:werkzeug: * Debugger is active!
INFO:werkzeug: * Debugger PIN: 625-607-721
INFO:werkzeug: * Detected change in '/workspace/fileshark/service.py', reloading
INFO:werkzeug: * Restarting with stat
WARNING:werkzeug: * Debugger is active!
INFO:werkzeug: * Debugger PIN: 625-607-721
INFO:werkzeug: * Detected change in '/workspace/fileshark/service.py', reloading
INFO:werkzeug: * Restarting with stat
WARNING:werkzeug: * Debugger is active!
INFO:werkzeug: * Debugger PIN: 625-607-721
INFO:werkzeug: * Detected change in '/workspace/fileshark/service.py', reloading
INFO:werkzeug: * Restarting with stat
INFO:werkzeug: * Restarting with stat
WARNING:werkzeug: * Debugger is active!
INFO:werkzeug: * Debugger PIN: 625-607-721
INFO:werkzeug: * Detected change in '/workspace/fileshark/service.py', reloading
INFO:werkzeug: * Restarting with stat
WARNING:werkzeug: * Debugger is active!
INFO:werkzeug: * Debugger PIN: 625-607-721
INFO:werkzeug: * Detected change in '/workspace/fileshark/service.py', reloading
INFO:werkzeug: * Restarting with stat
WARNING:werkzeug: * Debugger is active!
INFO:werkzeug: * Debugger PIN: 625-607-721
INFO:werkzeug: * Detected change in '/workspace/fileshark/service.py', reloading
INFO:werkzeug: * Restarting with stat
INFO:werkzeug: * Restarting with stat
INFO:werkzeug: * Restarting with stat
WARNING:werkzeug: * Debugger is active!
INFO:werkzeug: * Debugger PIN: 625-607-721
INFO:werkzeug: * Detected change in '/workspace/fileshark/service.py', reloading
INFO:werkzeug: * Restarting with stat
WARNING:werkzeug: * Debugger is active!
INFO:werkzeug: * Debugger PIN: 625-607-721
INFO:werkzeug: * Detected change in '/workspace/fileshark/service.py', reloading
INFO:werkzeug: * Restarting with stat
WARNING:werkzeug: * Debugger is active!
INFO:werkzeug: * Debugger PIN: 625-607-721
INFO:werkzeug: * Detected change in '/workspace/fileshark/service.py', reloading
INFO:werkzeug: * Restarting with stat
WARNING:werkzeug: * Debugger is active!
INFO:werkzeug: * Debugger PIN: 625-607-721
INFO:werkzeug: * Detected change in '/workspace/fileshark/service.py', reloading
INFO:werkzeug: * Restarting with stat
WARNING:werkzeug: * Debugger is active!
INFO:werkzeug: * Debugger PIN: 625-607-721
INFO:werkzeug: * Detected change in '/workspace/fileshark/service.py', reloading
INFO:werkzeug: * Restarting with stat
WARNING:werkzeug: * Debugger is active!
INFO:werkzeug: * Debugger PIN: 625-607-721
INFO:werkzeug: * Detected change in '/workspace/fileshark/service.py', reloading
INFO:werkzeug: * Restarting with stat
WARNING:werkzeug: * Debugger is active!
INFO:werkzeug: * Debugger PIN: 625-607-721
INFO:werkzeug: * Detected change in '/workspace/fileshark/service.py', reloading
INFO:werkzeug: * Restarting with stat
WARNING:werkzeug: * Debugger is active!
INFO:werkzeug: * Debugger PIN: 625-607-721
INFO:werkzeug: * Detected change in '/workspace/fileshark/service.py', reloading
INFO:werkzeug: * Restarting with stat
WARNING:werkzeug: * Debugger is active!
INFO:werkzeug: * Debugger PIN: 625-607-721
INFO:werkzeug: * Detected change in '/workspace/fileshark/service.py', reloading
INFO:werkzeug: * Restarting with stat
WARNING:werkzeug: * Debugger is active!
INFO:werkzeug: * Debugger PIN: 625-607-721
INFO:werkzeug: * Detected change in '/workspace/fileshark/service.py', reloading
INFO:werkzeug: * Restarting with stat
WARNING:werkzeug: * Debugger is active!
INFO:werkzeug: * Debugger PIN: 625-607-721
INFO:werkzeug: * Detected change in '/workspace/fileshark/service.py', reloading
INFO:werkzeug: * Restarting with stat
WARNING:werkzeug: * Debugger is active!
INFO:werkzeug: * Debugger PIN: 625-607-721
INFO:werkzeug: * Detected change in '/workspace/fileshark/service.py', reloading
INFO:werkzeug: * Restarting with stat
WARNING:werkzeug: * Debugger is active!
INFO:werkzeug: * Debugger PIN: 625-607-721
INFO:werkzeug: * Detected change in '/workspace/fileshark/service.py', reloading
INFO:werkzeug: * Restarting with stat
WARNING:werkzeug: * Debugger is active!
INFO:werkzeug: * Debugger PIN: 625-607-721
INFO:werkzeug: * Detected change in '/workspace/fileshark/service.py', reloading
INFO:werkzeug: * Restarting with stat
WARNING:werkzeug: * Debugger is active!
INFO:werkzeug: * Debugger PIN: 625-607-721
INFO:werkzeug: * Detected change in '/workspace/fileshark/service.py', reloading
INFO:werkzeug: * Restarting with stat
WARNING:werkzeug: * Debugger is active!
INFO:werkzeug: * Debugger PIN: 625-607-721
INFO:werkzeug: * Detected change in '/workspace/fileshark/service.py', reloading
INFO:werkzeug: * Restarting with stat
WARNING:werkzeug: * Debugger is active!
INFO:werkzeug: * Debugger PIN: 625-607-721
INFO:werkzeug: * Detected change in '/workspace/fileshark/service.py', reloading
INFO:werkzeug: * Restarting with stat
WARNING:werkzeug: * Debugger is active!
INFO:werkzeug: * Debugger PIN: 625-607-721
INFO:werkzeug: * Detected change in '/workspace/fileshark/service.py', reloading
INFO:werkzeug: * Restarting with stat
WARNING:werkzeug: * Debugger is active!
INFO:werkzeug: * Debugger PIN: 625-607-721
INFO:werkzeug: * Detected change in '/workspace/fileshark/service.py', reloading
INFO:werkzeug: * Restarting with stat
WARNING:werkzeug: * Debugger is active!
INFO:werkzeug: * Debugger PIN: 625-607-721
INFO:werkzeug: * Detected change in '/workspace/fileshark/service.py', reloading
INFO:werkzeug: * Restarting with stat
WARNING:werkzeug: * Debugger is active!
INFO:werkzeug: * Debugger PIN: 625-607-721
INFO:werkzeug: * Detected change in '/workspace/fileshark/service.py', reloading
INFO:werkzeug: * Restarting with stat
WARNING:werkzeug: * Debugger is active!
INFO:werkzeug: * Debugger PIN: 625-607-721
INFO:werkzeug: * Detected change in '/workspace/fileshark/service.py', reloading
INFO:werkzeug: * Restarting with stat
WARNING:werkzeug: * Debugger is active!
INFO:werkzeug: * Debugger PIN: 625-607-721
INFO:werkzeug: * Detected change in '/workspace/fileshark/service.py', reloading
INFO:werkzeug: * Restarting with stat
WARNING:werkzeug: * Debugger is active!
INFO:werkzeug: * Debugger PIN: 625-607-721
INFO:werkzeug: * Detected change in '/workspace/fileshark/service.py', reloading
INFO:werkzeug: * Restarting with stat
WARNING:werkzeug: * Debugger is active!
INFO:werkzeug: * Debugger PIN: 625-607-721
INFO:werkzeug: * Detected change in '/workspace/fileshark/service.py', reloading
INFO:werkzeug: * Restarting with stat
WARNING:werkzeug: * Debugger is active!
INFO:werkzeug: * Debugger PIN: 625-607-721
INFO:werkzeug: * Detected change in '/workspace/fileshark/service.py', reloading
INFO:werkzeug: * Restarting with stat
WARNING:werkzeug: * Debugger is active!
INFO:werkzeug: * Debugger PIN: 625-607-721
INFO:werkzeug: * Detected change in '/workspace/fileshark/service.py', reloading
INFO:werkzeug: * Restarting with stat
INFO:werkzeug: * Restarting with stat
WARNING:werkzeug: * Debugger is active!
INFO:werkzeug: * Debugger PIN: 625-607-721
INFO:werkzeug: * Detected change in '/workspace/fileshark/service.py', reloading
INFO:werkzeug: * Restarting with stat
WARNING:werkzeug: * Debugger is active!
INFO:werkzeug: * Debugger PIN: 625-607-721
INFO:werkzeug: * Detected change in '/workspace/fileshark/service.py', reloading
INFO:werkzeug: * Restarting with stat
WARNING:werkzeug: * Debugger is active!
INFO:werkzeug: * Debugger PIN: 625-607-721
INFO:werkzeug: * Detected change in '/workspace/fileshark/service.py', reloading
INFO:werkzeug: * Restarting with stat
WARNING:werkzeug: * Debugger is active!
INFO:werkzeug: * Debugger PIN: 625-607-721
INFO:werkzeug: * Detected change in '/workspace/fileshark/service.py', reloading
INFO:werkzeug: * Restarting with stat
WARNING:werkzeug: * Debugger is active!
INFO:werkzeug: * Debugger PIN: 625-607-721
INFO:werkzeug: * Detected change in '/workspace/fileshark/service.py', reloading
INFO:werkzeug: * Restarting with stat
WARNING:werkzeug: * Debugger is active!
INFO:werkzeug: * Debugger PIN: 625-607-721
INFO:werkzeug: * Detected change in '/workspace/fileshark/service.py', reloading
INFO:werkzeug: * Restarting with stat
WARNING:werkzeug: * Debugger is active!
INFO:werkzeug: * Debugger PIN: 625-607-721
INFO:werkzeug: * Detected change in '/workspace/fileshark/service.py', reloading
INFO:werkzeug: * Restarting with stat
WARNING:werkzeug: * Debugger is active!
INFO:werkzeug: * Debugger PIN: 625-607-721
INFO:werkzeug: * Detected change in '/workspace/fileshark/service.py', reloading
INFO:werkzeug: * Restarting with stat
WARNING:werkzeug: * Debugger is active!
INFO:werkzeug: * Debugger PIN: 625-607-721
INFO:werkzeug: * Detected change in '/workspace/fileshark/service.py', reloading
INFO:werkzeug: * Restarting with stat
WARNING:werkzeug: * Debugger is active!
INFO:werkzeug: * Debugger PIN: 625-607-721
INFO:werkzeug: * Detected change in '/workspace/fileshark/service.py', reloading
INFO:werkzeug: * Restarting with stat
WARNING:werkzeug: * Debugger is active!
INFO:werkzeug: * Debugger PIN: 625-607-721
INFO:werkzeug: * Detected change in '/workspace/fileshark/service.py', reloading
INFO:werkzeug: * Restarting with stat
WARNING:werkzeug: * Debugger is active!
INFO:werkzeug: * Debugger PIN: 625-607-721
INFO:werkzeug: * Detected change in '/workspace/fileshark/service.py', reloading
INFO:werkzeug: * Restarting with stat
WARNING:werkzeug: * Debugger is active!
INFO:werkzeug: * Debugger PIN: 625-607-721
INFO:werkzeug: * Detected change in '/workspace/fileshark/service.py', reloading
INFO:werkzeug: * Restarting with stat
WARNING:werkzeug: * Debugger is active!
INFO:werkzeug: * Debugger PIN: 625-607-721
INFO:werkzeug: * Detected change in '/workspace/fileshark/service.py', reloading
INFO:werkzeug: * Restarting with stat
WARNING:werkzeug: * Debugger is active!
INFO:werkzeug: * Debugger PIN: 625-607-721
INFO:werkzeug: * Detected change in '/workspace/fileshark/service.py', reloading
INFO:werkzeug: * Restarting with stat
WARNING:werkzeug: * Debugger is active!
INFO:werkzeug: * Debugger PIN: 625-607-721
INFO:werkzeug: * Detected change in '/workspace/fileshark/service.py', reloading
INFO:werkzeug: * Restarting with stat
WARNING:werkzeug: * Debugger is active!
INFO:werkzeug: * Debugger PIN: 625-607-721
INFO:werkzeug: * Detected change in '/workspace/fileshark/service.py', reloading
INFO:werkzeug: * Restarting with stat
WARNING:werkzeug: * Debugger is active!
INFO:werkzeug: * Debugger PIN: 625-607-721
INFO:werkzeug: * Detected change in '/workspace/fileshark/service.py', reloading
INFO:werkzeug: * Restarting with stat
WARNING:werkzeug: * Debugger is active!
INFO:werkzeug: * Debugger PIN: 625-607-721
INFO:user-JanKowalski:Loaded directory : /workspace/fileshark/users/JanKowalski
INFO:werkzeug:127.0.0.1 - - [06/Apr/2024 00:03:54] "GET /?path=/workspace/fileshark/users/JanKowalski/systemfiles/..&sessionid=1effa191-ff31-4176-82e7-aa4fa4ddf43d HTTP/1.1" 200 -
INFO:werkzeug:127.0.0.1 - - [06/Apr/2024 00:03:54] "[36mGET /static/icon/dir.png HTTP/1.1[0m" 304 -
INFO:werkzeug:127.0.0.1 - - [06/Apr/2024 00:03:54] "[36mGET /static/css/index.css HTTP/1.1[0m" 304 -
INFO:werkzeug:127.0.0.1 - - [06/Apr/2024 00:03:54] "[36mGET /static/icon/txt.png HTTP/1.1[0m" 304 -
INFO:user-JanKowalski:Loaded directory : /workspace/fileshark/users/JanKowalski/systemfiles
INFO:werkzeug:127.0.0.1 - - [06/Apr/2024 00:04:09] "GET /?path=/workspace/fileshark/users/JanKowalski/systemfiles&sessionid=1effa191-ff31-4176-82e7-aa4fa4ddf43d HTTP/1.1" 200 -
INFO:werkzeug:127.0.0.1 - - [06/Apr/2024 00:04:10] "GET /static/css/index.css HTTP/1.1" 200 -
INFO:werkzeug:127.0.0.1 - - [06/Apr/2024 00:04:10] "[36mGET /static/icon/dir.png HTTP/1.1[0m" 304 -
INFO:werkzeug:127.0.0.1 - - [06/Apr/2024 00:04:10] "[36mGET /static/icon/json.png HTTP/1.1[0m" 304 -
INFO:user-JanKowalski:Loaded directory : /workspace/fileshark/users/JanKowalski/systemfiles
INFO:werkzeug:127.0.0.1 - - [06/Apr/2024 00:04:15] "GET /addfolder?foldername=TY&sessionid=1effa191-ff31-4176-82e7-aa4fa4ddf43d&path=/workspace/fileshark/users/JanKowalski/systemfiles HTTP/1.1" 200 -
INFO:werkzeug:127.0.0.1 - - [06/Apr/2024 00:04:15] "[36mGET /static/css/index.css HTTP/1.1[0m" 304 -
INFO:werkzeug:127.0.0.1 - - [06/Apr/2024 00:04:15] "[36mGET /static/icon/dir.png HTTP/1.1[0m" 304 -
INFO:werkzeug:127.0.0.1 - - [06/Apr/2024 00:04:15] "[36mGET /static/icon/json.png HTTP/1.1[0m" 304 -
WARNING:user-JanKowalski:Folder does not exist : /workspace/fileshark/users/JanKowalski/systemfiles/TY
INFO:user-JanKowalski:Loaded directory : /workspace/fileshark/users/JanKowalski/systemfiles
INFO:werkzeug:127.0.0.1 - - [06/Apr/2024 00:04:21] "GET /deletedir?dir=TY&sessionid=1effa191-ff31-4176-82e7-aa4fa4ddf43d&path=/workspace/fileshark/users/JanKowalski/systemfiles HTTP/1.1" 200 -
INFO:werkzeug:127.0.0.1 - - [06/Apr/2024 00:04:22] "[36mGET /static/css/index.css HTTP/1.1[0m" 304 -
INFO:werkzeug:127.0.0.1 - - [06/Apr/2024 00:04:24] "[36mGET /static/icon/json.png HTTP/1.1[0m" 304 -
INFO:werkzeug:127.0.0.1 - - [06/Apr/2024 00:04:24] "[36mGET /static/icon/dir.png HTTP/1.1[0m" 304 -
INFO:user-JanKowalski:Loaded directory : /workspace/fileshark/users/JanKowalski
INFO:werkzeug:127.0.0.1 - - [06/Apr/2024 00:04:26] "GET /?path=/workspace/fileshark/users/JanKowalski/systemfiles/..&sessionid=1effa191-ff31-4176-82e7-aa4fa4ddf43d HTTP/1.1" 200 -
INFO:werkzeug:127.0.0.1 - - [06/Apr/2024 00:04:26] "GET /static/css/index.css HTTP/1.1" 200 -
INFO:werkzeug:127.0.0.1 - - [06/Apr/2024 00:04:26] "[36mGET /static/icon/dir.png HTTP/1.1[0m" 304 -
INFO:werkzeug:127.0.0.1 - - [06/Apr/2024 00:04:26] "GET /static/icon/txt.png HTTP/1.1" 200 -
INFO:user-JanKowalski:Loaded directory : /workspace/fileshark/users/JanKowalski/systemfiles
INFO:werkzeug:127.0.0.1 - - [06/Apr/2024 00:04:27] "GET /?path=/workspace/fileshark/users/JanKowalski/systemfiles&sessionid=1effa191-ff31-4176-82e7-aa4fa4ddf43d HTTP/1.1" 200 -
INFO:werkzeug:127.0.0.1 - - [06/Apr/2024 00:04:27] "GET /static/css/index.css HTTP/1.1" 200 -
INFO:werkzeug:127.0.0.1 - - [06/Apr/2024 00:04:27] "GET /static/icon/json.png HTTP/1.1" 200 -
INFO:werkzeug:127.0.0.1 - - [06/Apr/2024 00:04:27] "GET /static/icon/dir.png HTTP/1.1" 200 -
WARNING:user-JanKowalski:Folder does not exist : /workspace/fileshark/users/JanKowalski/systemfiles/TY
INFO:user-JanKowalski:Loaded directory : /workspace/fileshark/users/JanKowalski/systemfiles
INFO:werkzeug:127.0.0.1 - - [06/Apr/2024 00:04:28] "GET /deletedir?dir=TY&sessionid=1effa191-ff31-4176-82e7-aa4fa4ddf43d&path=/workspace/fileshark/users/JanKowalski/systemfiles HTTP/1.1" 200 -
INFO:werkzeug:127.0.0.1 - - [06/Apr/2024 00:04:28] "[36mGET /static/css/index.css HTTP/1.1[0m" 304 -
INFO:werkzeug:127.0.0.1 - - [06/Apr/2024 00:05:27] "[36mGET /static/icon/dir.png HTTP/1.1[0m" 304 -
INFO:werkzeug:127.0.0.1 - - [06/Apr/2024 00:05:27] "[36mGET /static/icon/json.png HTTP/1.1[0m" 304 -
INFO:user-JanKowalski:Loaded directory : /workspace/fileshark/users/JanKowalski/systemfiles/TY
INFO:werkzeug:127.0.0.1 - - [06/Apr/2024 00:05:30] "GET /?path=/workspace/fileshark/users/JanKowalski/systemfiles/TY&sessionid=1effa191-ff31-4176-82e7-aa4fa4ddf43d HTTP/1.1" 200 -
INFO:werkzeug:127.0.0.1 - - [06/Apr/2024 00:05:30] "[36mGET /static/css/index.css HTTP/1.1[0m" 304 -
INFO:werkzeug:127.0.0.1 - - [06/Apr/2024 00:05:30] "[36mGET /static/icon/dir.png HTTP/1.1[0m" 304 -
INFO:user-JanKowalski:Loaded directory : /workspace/fileshark/users/JanKowalski/systemfiles
INFO:werkzeug:127.0.0.1 - - [06/Apr/2024 00:05:33] "GET /?path=/workspace/fileshark/users/JanKowalski/systemfiles/TY/..&sessionid=1effa191-ff31-4176-82e7-aa4fa4ddf43d HTTP/1.1" 200 -
INFO:werkzeug:127.0.0.1 - - [06/Apr/2024 00:05:33] "GET /static/css/index.css HTTP/1.1" 200 -
INFO:werkzeug:127.0.0.1 - - [06/Apr/2024 00:05:33] "[36mGET /static/icon/dir.png HTTP/1.1[0m" 304 -
INFO:werkzeug:127.0.0.1 - - [06/Apr/2024 00:05:33] "[36mGET /static/icon/json.png HTTP/1.1[0m" 304 -
WARNING:user-JanKowalski:Folder does not exist : /workspace/fileshark/users/JanKowalski/systemfiles/TY
INFO:user-JanKowalski:Loaded directory : /workspace/fileshark/users/JanKowalski/systemfiles
INFO:werkzeug:127.0.0.1 - - [06/Apr/2024 00:05:34] "GET /deletedir?dir=TY&sessionid=1effa191-ff31-4176-82e7-aa4fa4ddf43d&path=/workspace/fileshark/users/JanKowalski/systemfiles HTTP/1.1" 200 -
INFO:werkzeug:127.0.0.1 - - [06/Apr/2024 00:05:34] "[36mGET /static/css/index.css HTTP/1.1[0m" 304 -
INFO:werkzeug: * Detected change in '/workspace/fileshark/service.py', reloading
INFO:werkzeug: * Restarting with stat
WARNING:werkzeug: * Debugger is active!
INFO:werkzeug: * Debugger PIN: 625-607-721
INFO:werkzeug:127.0.0.1 - - [06/Apr/2024 00:05:43] "[36mGET /static/icon/dir.png HTTP/1.1[0m" 304 -
INFO:werkzeug:127.0.0.1 - - [06/Apr/2024 00:05:43] "[36mGET /static/icon/json.png HTTP/1.1[0m" 304 -
INFO:user-JanKowalski:Folder deleted : /workspace/fileshark/users/JanKowalski/systemfiles/TY
INFO:user-JanKowalski:Loaded directory : /workspace/fileshark/users/JanKowalski/systemfiles
INFO:werkzeug:127.0.0.1 - - [06/Apr/2024 00:05:45] "GET /deletedir?dir=TY&sessionid=1effa191-ff31-4176-82e7-aa4fa4ddf43d&path=/workspace/fileshark/users/JanKowalski/systemfiles HTTP/1.1" 200 -
INFO:werkzeug:127.0.0.1 - - [06/Apr/2024 00:05:45] "[36mGET /static/css/index.css HTTP/1.1[0m" 304 -
INFO:werkzeug:127.0.0.1 - - [06/Apr/2024 00:05:45] "[36mGET /static/icon/dir.png HTTP/1.1[0m" 304 -
INFO:werkzeug:127.0.0.1 - - [06/Apr/2024 00:05:45] "[36mGET /static/icon/json.png HTTP/1.1[0m" 304 -
INFO:user-JanKowalski:File uploaded to : /workspace/fileshark/users/JanKowalski/systemfiles/Nowy_dokument_tekstowy.txt
INFO:user-JanKowalski:Loaded directory : /workspace/fileshark/users/JanKowalski/systemfiles
INFO:werkzeug:127.0.0.1 - - [06/Apr/2024 00:06:01] "POST /upload HTTP/1.1" 200 -
INFO:werkzeug:127.0.0.1 - - [06/Apr/2024 00:06:01] "[36mGET /static/css/index.css HTTP/1.1[0m" 304 -
INFO:werkzeug:127.0.0.1 - - [06/Apr/2024 00:06:01] "[36mGET /static/icon/dir.png HTTP/1.1[0m" 304 -
INFO:werkzeug:127.0.0.1 - - [06/Apr/2024 00:06:01] "[36mGET /static/icon/json.png HTTP/1.1[0m" 304 -
INFO:werkzeug:127.0.0.1 - - [06/Apr/2024 00:06:01] "[36mGET /static/icon/txt.png HTTP/1.1[0m" 304 -
WARNING:user-JanKowalski:No file selected for the upload
INFO:user-JanKowalski:Loaded directory : /workspace/fileshark/users/JanKowalski/systemfiles
INFO:werkzeug:127.0.0.1 - - [06/Apr/2024 00:06:08] "POST /upload HTTP/1.1" 200 -
INFO:werkzeug:127.0.0.1 - - [06/Apr/2024 00:06:08] "[36mGET /static/css/index.css HTTP/1.1[0m" 304 -
INFO:werkzeug:127.0.0.1 - - [06/Apr/2024 00:06:10] "[36mGET /static/icon/dir.png HTTP/1.1[0m" 304 -
INFO:werkzeug:127.0.0.1 - - [06/Apr/2024 00:06:10] "[36mGET /static/icon/json.png HTTP/1.1[0m" 304 -
INFO:werkzeug:127.0.0.1 - - [06/Apr/2024 00:06:10] "[36mGET /static/icon/txt.png HTTP/1.1[0m" 304 -
INFO:user-JanKowalski:Deleted : /workspace/fileshark/users/JanKowalski/systemfiles/Nowy_dokument_tekstowy.txt
INFO:user-JanKowalski:Loaded directory : /workspace/fileshark/users/JanKowalski/systemfiles
INFO:werkzeug:127.0.0.1 - - [06/Apr/2024 00:06:17] "GET /delete?file=Nowy_dokument_tekstowy.txt&sessionid=1effa191-ff31-4176-82e7-aa4fa4ddf43d&path=/workspace/fileshark/users/JanKowalski/systemfiles HTTP/1.1" 200 -
INFO:werkzeug:127.0.0.1 - - [06/Apr/2024 00:06:17] "[36mGET /static/css/index.css HTTP/1.1[0m" 304 -
INFO:werkzeug:127.0.0.1 - - [06/Apr/2024 00:06:17] "[36mGET /static/icon/dir.png HTTP/1.1[0m" 304 -
INFO:werkzeug:127.0.0.1 - - [06/Apr/2024 00:06:17] "[36mGET /static/icon/json.png HTTP/1.1[0m" 304 -
INFO:user-JanKowalski:File uploaded to : /workspace/fileshark/users/JanKowalski/systemfiles/album_2023-12-29_23-53-48.gif
INFO:user-JanKowalski:Loaded directory : /workspace/fileshark/users/JanKowalski/systemfiles
INFO:werkzeug:127.0.0.1 - - [06/Apr/2024 00:06:43] "POST /upload HTTP/1.1" 200 -
INFO:werkzeug:127.0.0.1 - - [06/Apr/2024 00:06:43] "[36mGET /static/css/index.css HTTP/1.1[0m" 304 -
INFO:werkzeug:127.0.0.1 - - [06/Apr/2024 00:06:43] "[36mGET /static/icon/unknown.png HTTP/1.1[0m" 304 -
INFO:werkzeug:127.0.0.1 - - [06/Apr/2024 00:06:43] "[36mGET /static/icon/json.png HTTP/1.1[0m" 304 -
INFO:werkzeug:127.0.0.1 - - [06/Apr/2024 00:06:43] "[36mGET /static/icon/dir.png HTTP/1.1[0m" 304 -
INFO:user-JanKowalski:Deleted : /workspace/fileshark/users/JanKowalski/systemfiles/album_2023-12-29_23-53-48.gif
INFO:user-JanKowalski:Loaded directory : /workspace/fileshark/users/JanKowalski/systemfiles
INFO:werkzeug:127.0.0.1 - - [06/Apr/2024 00:06:45] "GET /delete?file=album_2023-12-29_23-53-48.gif&sessionid=1effa191-ff31-4176-82e7-aa4fa4ddf43d&path=/workspace/fileshark/users/JanKowalski/systemfiles HTTP/1.1" 200 -
INFO:werkzeug:127.0.0.1 - - [06/Apr/2024 00:06:45] "[36mGET /static/css/index.css HTTP/1.1[0m" 304 -
INFO:werkzeug:127.0.0.1 - - [06/Apr/2024 00:06:45] "[36mGET /static/icon/dir.png HTTP/1.1[0m" 304 -
INFO:werkzeug:127.0.0.1 - - [06/Apr/2024 00:06:45] "[36mGET /static/icon/json.png HTTP/1.1[0m" 304 -
INFO:user-JanKowalski:Loaded directory : /workspace/fileshark/users/JanKowalski
INFO:werkzeug:127.0.0.1 - - [06/Apr/2024 00:06:46] "GET /?path=/workspace/fileshark/users/JanKowalski/systemfiles/..&sessionid=1effa191-ff31-4176-82e7-aa4fa4ddf43d HTTP/1.1" 200 -
INFO:werkzeug:127.0.0.1 - - [06/Apr/2024 00:06:46] "[36mGET /static/css/index.css HTTP/1.1[0m" 304 -
INFO:werkzeug:127.0.0.1 - - [06/Apr/2024 00:06:46] "[36mGET /static/icon/dir.png HTTP/1.1[0m" 304 -
INFO:werkzeug:127.0.0.1 - - [06/Apr/2024 00:06:46] "GET /static/icon/txt.png HTTP/1.1" 200 -
WARNING:user-JanKowalski:No file selected for the upload
INFO:user-JanKowalski:Loaded directory : /workspace/fileshark/users/JanKowalski
INFO:werkzeug:127.0.0.1 - - [06/Apr/2024 00:06:49] "POST /upload HTTP/1.1" 200 -
INFO:werkzeug:127.0.0.1 - - [06/Apr/2024 00:06:49] "[36mGET /static/css/index.css HTTP/1.1[0m" 304 -
INFO:werkzeug:127.0.0.1 - - [06/Apr/2024 00:06:50] "[36mGET /static/icon/dir.png HTTP/1.1[0m" 304 -
INFO:werkzeug:127.0.0.1 - - [06/Apr/2024 00:06:50] "[36mGET /static/icon/txt.png HTTP/1.1[0m" 304 -
WARNING:user-JanKowalski:Logout
INFO:werkzeug:127.0.0.1 - - [06/Apr/2024 00:06:52] "GET /logout?sessionid=1effa191-ff31-4176-82e7-aa4fa4ddf43d HTTP/1.1" 200 -
INFO:werkzeug:127.0.0.1 - - [06/Apr/2024 00:06:52] "GET /static/css/login.css HTTP/1.1" 200 -
INFO:user-adminuser:User login
INFO:user-adminuser:Loaded directory : /workspace/fileshark/users/adminuser
INFO:werkzeug:127.0.0.1 - - [06/Apr/2024 00:07:05] "POST /login HTTP/1.1" 200 -
INFO:werkzeug:127.0.0.1 - - [06/Apr/2024 00:07:06] "[36mGET /static/css/index.css HTTP/1.1[0m" 304 -
INFO:werkzeug:127.0.0.1 - - [06/Apr/2024 00:07:06] "[36mGET /static/icon/dir.png HTTP/1.1[0m" 304 -
INFO:werkzeug:127.0.0.1 - - [06/Apr/2024 00:07:06] "[36mGET /static/icon/txt.png HTTP/1.1[0m" 304 -
INFO:user-adminuser:Loaded directory : /workspace/fileshark/users
INFO:werkzeug:127.0.0.1 - - [06/Apr/2024 00:07:20] "GET /?path=/workspace/fileshark/users/adminuser/..&sessionid=7f06a8ff-b83c-423e-b869-c97b75c83901 HTTP/1.1" 200 -
INFO:werkzeug:127.0.0.1 - - [06/Apr/2024 00:07:20] "[36mGET /static/css/index.css HTTP/1.1[0m" 304 -
INFO:werkzeug:127.0.0.1 - - [06/Apr/2024 00:07:20] "[36mGET /static/icon/dir.png HTTP/1.1[0m" 304 -
INFO:user-adminuser:Loaded directory : /workspace/fileshark
INFO:werkzeug:127.0.0.1 - - [06/Apr/2024 00:07:20] "GET /?path=/workspace/fileshark/users/..&sessionid=7f06a8ff-b83c-423e-b869-c97b75c83901 HTTP/1.1" 200 -
INFO:werkzeug:127.0.0.1 - - [06/Apr/2024 00:07:21] "[36mGET /static/css/index.css HTTP/1.1[0m" 304 -
INFO:werkzeug:127.0.0.1 - - [06/Apr/2024 00:07:21] "GET /static/icon/md.png HTTP/1.1" 200 -
INFO:werkzeug:127.0.0.1 - - [06/Apr/2024 00:07:21] "GET /static/icon/py.png HTTP/1.1" 200 -
INFO:werkzeug:127.0.0.1 - - [06/Apr/2024 00:07:21] "[36mGET /static/icon/dir.png HTTP/1.1[0m" 304 -
INFO:werkzeug:127.0.0.1 - - [06/Apr/2024 00:07:21] "[36mGET /static/icon/unknown.png HTTP/1.1[0m" 304 -
INFO:werkzeug:127.0.0.1 - - [06/Apr/2024 00:07:21] "[36mGET /static/icon/txt.png HTTP/1.1[0m" 304 -
INFO:user-adminuser:Loaded directory : /workspace
INFO:werkzeug:127.0.0.1 - - [06/Apr/2024 00:07:21] "GET /?path=/workspace/fileshark/..&sessionid=7f06a8ff-b83c-423e-b869-c97b75c83901 HTTP/1.1" 200 -
INFO:werkzeug:127.0.0.1 - - [06/Apr/2024 00:07:22] "[36mGET /static/icon/dir.png HTTP/1.1[0m" 304 -
INFO:werkzeug:127.0.0.1 - - [06/Apr/2024 00:07:22] "[36mGET /static/css/index.css HTTP/1.1[0m" 304 -
INFO:user-adminuser:Loaded directory : /
INFO:werkzeug:127.0.0.1 - - [06/Apr/2024 00:07:22] "GET /?path=/workspace/..&sessionid=7f06a8ff-b83c-423e-b869-c97b75c83901 HTTP/1.1" 200 -
INFO:werkzeug:127.0.0.1 - - [06/Apr/2024 00:07:22] "[36mGET /static/css/index.css HTTP/1.1[0m" 304 -
INFO:werkzeug:127.0.0.1 - - [06/Apr/2024 00:07:22] "[36mGET /static/icon/dir.png HTTP/1.1[0m" 304 -
INFO:user-adminuser:Loaded directory : /
INFO:werkzeug:127.0.0.1 - - [06/Apr/2024 00:07:23] "GET /?path=//..&sessionid=7f06a8ff-b83c-423e-b869-c97b75c83901 HTTP/1.1" 200 -
INFO:werkzeug:127.0.0.1 - - [06/Apr/2024 00:07:23] "[36mGET /static/css/index.css HTTP/1.1[0m" 304 -
INFO:werkzeug:127.0.0.1 - - [06/Apr/2024 00:07:23] "[36mGET /static/icon/dir.png HTTP/1.1[0m" 304 -
INFO:user-adminuser:Loaded directory : /
INFO:werkzeug:127.0.0.1 - - [06/Apr/2024 00:07:24] "GET /?path=//..&sessionid=7f06a8ff-b83c-423e-b869-c97b75c83901 HTTP/1.1" 200 -
INFO:werkzeug:127.0.0.1 - - [06/Apr/2024 00:07:24] "[36mGET /static/css/index.css HTTP/1.1[0m" 304 -
INFO:werkzeug:127.0.0.1 - - [06/Apr/2024 00:07:24] "[36mGET /static/icon/dir.png HTTP/1.1[0m" 304 -
INFO:werkzeug:127.0.0.1 - - [06/Apr/2024 00:07:24] "GET /deletedir?dir=bin&sessionid=7f06a8ff-b83c-423e-b869-c97b75c83901&path=/ HTTP/1.1" 200 -
INFO:user-adminuser:Loaded directory : /
INFO:werkzeug:127.0.0.1 - - [06/Apr/2024 00:07:27] "GET /?sessionid=7f06a8ff-b83c-423e-b869-c97b75c83901&path=/ HTTP/1.1" 200 -
INFO:werkzeug:127.0.0.1 - - [06/Apr/2024 00:07:27] "[36mGET /static/icon/dir.png HTTP/1.1[0m" 304 -
INFO:werkzeug:127.0.0.1 - - [06/Apr/2024 00:07:27] "[36mGET /static/css/index.css HTTP/1.1[0m" 304 -
INFO:werkzeug:127.0.0.1 - - [06/Apr/2024 00:07:29] "GET /deletedir?dir=bin&sessionid=7f06a8ff-b83c-423e-b869-c97b75c83901&path=/ HTTP/1.1" 200 -
INFO:werkzeug:127.0.0.1 - - [06/Apr/2024 00:07:30] "[35m[1mGET /deletedir?dir=bin&allowdelete=True&sessionid=7f06a8ff-b83c-423e-b869-c97b75c83901&path=/ HTTP/1.1[0m" 500 -
INFO:werkzeug:127.0.0.1 - - [06/Apr/2024 00:07:30] "GET /deletedir?__debugger__=yes&cmd=resource&f=style.css HTTP/1.1" 200 -
INFO:werkzeug:127.0.0.1 - - [06/Apr/2024 00:07:30] "GET /deletedir?__debugger__=yes&cmd=resource&f=debugger.js HTTP/1.1" 200 -
INFO:werkzeug:127.0.0.1 - - [06/Apr/2024 00:07:30] "GET /deletedir?__debugger__=yes&cmd=resource&f=console.png HTTP/1.1" 200 -
INFO:user-adminuser:Loaded directory : /
INFO:werkzeug:127.0.0.1 - - [06/Apr/2024 00:07:46] "GET /?sessionid=7f06a8ff-b83c-423e-b869-c97b75c83901&path=/ HTTP/1.1" 200 -
INFO:werkzeug:127.0.0.1 - - [06/Apr/2024 00:07:46] "GET /static/css/index.css HTTP/1.1" 200 -
INFO:werkzeug:127.0.0.1 - - [06/Apr/2024 00:07:46] "GET /static/icon/dir.png HTTP/1.1" 200 -
INFO:user-adminuser:Loaded directory : /usr
INFO:werkzeug:127.0.0.1 - - [06/Apr/2024 00:07:49] "GET /?path=//usr&sessionid=7f06a8ff-b83c-423e-b869-c97b75c83901 HTTP/1.1" 200 -
INFO:werkzeug:127.0.0.1 - - [06/Apr/2024 00:07:49] "[36mGET /static/css/index.css HTTP/1.1[0m" 304 -
INFO:werkzeug:127.0.0.1 - - [06/Apr/2024 00:07:49] "[36mGET /static/icon/dir.png HTTP/1.1[0m" 304 -
INFO:werkzeug:127.0.0.1 - - [06/Apr/2024 00:07:50] "GET /deletedir?dir=bin&sessionid=7f06a8ff-b83c-423e-b869-c97b75c83901&path=/usr HTTP/1.1" 200 -
INFO:werkzeug:127.0.0.1 - - [06/Apr/2024 00:07:51] "[35m[1mGET /deletedir?dir=bin&allowdelete=True&sessionid=7f06a8ff-b83c-423e-b869-c97b75c83901&path=/usr HTTP/1.1[0m" 500 -
INFO:werkzeug:127.0.0.1 - - [06/Apr/2024 00:07:52] "GET /deletedir?__debugger__=yes&cmd=resource&f=style.css HTTP/1.1" 200 -
INFO:werkzeug:127.0.0.1 - - [06/Apr/2024 00:07:52] "[36mGET /deletedir?__debugger__=yes&cmd=resource&f=debugger.js HTTP/1.1[0m" 304 -
INFO:werkzeug:127.0.0.1 - - [06/Apr/2024 00:07:52] "GET /deletedir?__debugger__=yes&cmd=resource&f=console.png HTTP/1.1" 200 -
INFO:user-adminuser:Loaded directory : /usr
INFO:werkzeug:127.0.0.1 - - [06/Apr/2024 00:08:04] "GET /?sessionid=7f06a8ff-b83c-423e-b869-c97b75c83901&path=/usr HTTP/1.1" 200 -
INFO:werkzeug:127.0.0.1 - - [06/Apr/2024 00:08:04] "[36mGET /static/css/index.css HTTP/1.1[0m" 304 -
INFO:werkzeug:127.0.0.1 - - [06/Apr/2024 00:08:04] "[36mGET /static/icon/dir.png HTTP/1.1[0m" 304 -
WARNING:user-adminuser:Logout
INFO:werkzeug:127.0.0.1 - - [06/Apr/2024 00:08:06] "GET /logout?sessionid=7f06a8ff-b83c-423e-b869-c97b75c83901 HTTP/1.1" 200 -
INFO:werkzeug:127.0.0.1 - - [06/Apr/2024 00:08:07] "GET /static/css/login.css HTTP/1.1" 200 -
INFO:werkzeug: * Detected change in '/workspace/fileshark/service.py', reloading
INFO:werkzeug: * Restarting with stat
INFO:werkzeug: * Restarting with stat
INFO:werkzeug: * Restarting with stat
INFO:werkzeug: * Restarting with stat
INFO:werkzeug: * Restarting with stat
INFO:werkzeug: * Restarting with stat
INFO:werkzeug: * Restarting with stat
INFO:werkzeug: * Restarting with stat
WARNING:werkzeug: * Debugger is active!
INFO:werkzeug: * Debugger PIN: 625-607-721
INFO:werkzeug: * Detected change in '/workspace/fileshark/service.py', reloading
INFO:werkzeug: * Restarting with stat
WARNING:werkzeug: * Debugger is active!
INFO:werkzeug: * Debugger PIN: 625-607-721
INFO:werkzeug: * Detected change in '/workspace/fileshark/service.py', reloading
INFO:werkzeug: * Restarting with stat
WARNING:werkzeug: * Debugger is active!
INFO:werkzeug: * Debugger PIN: 625-607-721
INFO:werkzeug: * Detected change in '/workspace/fileshark/service.py', reloading
INFO:werkzeug: * Restarting with stat
WARNING:werkzeug: * Debugger is active!
INFO:werkzeug: * Debugger PIN: 625-607-721
INFO:werkzeug: * Detected change in '/workspace/fileshark/service.py', reloading
INFO:werkzeug: * Restarting with stat
WARNING:werkzeug: * Debugger is active!
INFO:werkzeug: * Debugger PIN: 625-607-721
INFO:werkzeug: * Detected change in '/workspace/fileshark/service.py', reloading
INFO:werkzeug: * Restarting with stat
INFO:werkzeug: * Restarting with stat
WARNING:werkzeug: * Debugger is active!
INFO:werkzeug: * Debugger PIN: 625-607-721
INFO:werkzeug: * Detected change in '/workspace/fileshark/service.py', reloading
INFO:werkzeug: * Restarting with stat
INFO:werkzeug: * Restarting with stat
INFO:werkzeug: * Restarting with stat
WARNING:werkzeug: * Debugger is active!
INFO:werkzeug: * Debugger PIN: 625-607-721
INFO:werkzeug: * Detected change in '/workspace/fileshark/service.py', reloading
INFO:werkzeug: * Restarting with stat
WARNING:werkzeug: * Debugger is active!
INFO:werkzeug: * Debugger PIN: 625-607-721
INFO:werkzeug: * Detected change in '/workspace/fileshark/service.py', reloading
INFO:werkzeug: * Restarting with stat
WARNING:werkzeug: * Debugger is active!
INFO:werkzeug: * Debugger PIN: 625-607-721
INFO:user-adminuser:User login
INFO:user-adminuser:Loaded directory : /workspace/fileshark/users/adminuser
INFO:werkzeug:127.0.0.1 - - [06/Apr/2024 00:10:24] "POST /login HTTP/1.1" 200 -
INFO:werkzeug:127.0.0.1 - - [06/Apr/2024 00:10:24] "[36mGET /static/css/index.css HTTP/1.1[0m" 304 -
INFO:werkzeug:127.0.0.1 - - [06/Apr/2024 00:10:24] "[36mGET /static/icon/txt.png HTTP/1.1[0m" 304 -
INFO:werkzeug:127.0.0.1 - - [06/Apr/2024 00:10:24] "[36mGET /static/icon/dir.png HTTP/1.1[0m" 304 -
INFO:user-adminuser:Loaded directory : /workspace/fileshark/users
INFO:werkzeug:127.0.0.1 - - [06/Apr/2024 00:10:26] "GET /?path=/workspace/fileshark/users/adminuser/..&sessionid=a69a612f-d36d-4a91-aaf5-69d4c8bc8187 HTTP/1.1" 200 -
INFO:werkzeug:127.0.0.1 - - [06/Apr/2024 00:10:27] "[36mGET /static/css/index.css HTTP/1.1[0m" 304 -
INFO:werkzeug:127.0.0.1 - - [06/Apr/2024 00:10:27] "[36mGET /static/icon/dir.png HTTP/1.1[0m" 304 -
INFO:user-adminuser:Loaded directory : /workspace/fileshark
INFO:werkzeug:127.0.0.1 - - [06/Apr/2024 00:10:27] "GET /?path=/workspace/fileshark/users/..&sessionid=a69a612f-d36d-4a91-aaf5-69d4c8bc8187 HTTP/1.1" 200 -
INFO:werkzeug:127.0.0.1 - - [06/Apr/2024 00:10:27] "[36mGET /static/css/index.css HTTP/1.1[0m" 304 -
INFO:werkzeug:127.0.0.1 - - [06/Apr/2024 00:10:27] "GET /static/icon/md.png HTTP/1.1" 200 -
INFO:werkzeug:127.0.0.1 - - [06/Apr/2024 00:10:27] "[36mGET /static/icon/py.png HTTP/1.1[0m" 304 -
INFO:werkzeug:127.0.0.1 - - [06/Apr/2024 00:10:27] "[36mGET /static/icon/dir.png HTTP/1.1[0m" 304 -
INFO:werkzeug:127.0.0.1 - - [06/Apr/2024 00:10:27] "[36mGET /static/icon/unknown.png HTTP/1.1[0m" 304 -
INFO:werkzeug:127.0.0.1 - - [06/Apr/2024 00:10:27] "[36mGET /static/icon/txt.png HTTP/1.1[0m" 304 -
INFO:user-adminuser:Loaded directory : /workspace
INFO:werkzeug:127.0.0.1 - - [06/Apr/2024 00:10:28] "GET /?path=/workspace/fileshark/..&sessionid=a69a612f-d36d-4a91-aaf5-69d4c8bc8187 HTTP/1.1" 200 -
INFO:werkzeug:127.0.0.1 - - [06/Apr/2024 00:10:28] "[36mGET /static/css/index.css HTTP/1.1[0m" 304 -
INFO:werkzeug:127.0.0.1 - - [06/Apr/2024 00:10:28] "[36mGET /static/icon/dir.png HTTP/1.1[0m" 304 -
INFO:user-adminuser:Loaded directory : /
INFO:werkzeug:127.0.0.1 - - [06/Apr/2024 00:10:28] "GET /?path=/workspace/..&sessionid=a69a612f-d36d-4a91-aaf5-69d4c8bc8187 HTTP/1.1" 200 -
INFO:werkzeug:127.0.0.1 - - [06/Apr/2024 00:10:28] "GET /static/css/index.css HTTP/1.1" 200 -
INFO:werkzeug:127.0.0.1 - - [06/Apr/2024 00:10:28] "GET /static/icon/dir.png HTTP/1.1" 200 -
INFO:werkzeug:127.0.0.1 - - [06/Apr/2024 00:10:30] "GET /deletedir?dir=bin&sessionid=a69a612f-d36d-4a91-aaf5-69d4c8bc8187&path=/ HTTP/1.1" 200 -
ERROR:user-adminuser:Cannot delete the folder. Permission denied : /bin
INFO:user-adminuser:Loaded directory : /
INFO:werkzeug:127.0.0.1 - - [06/Apr/2024 00:10:31] "GET /deletedir?dir=bin&allowdelete=True&sessionid=a69a612f-d36d-4a91-aaf5-69d4c8bc8187&path=/ HTTP/1.1" 200 -
INFO:werkzeug:127.0.0.1 - - [06/Apr/2024 00:10:31] "[36mGET /static/css/index.css HTTP/1.1[0m" 304 -
INFO:werkzeug:127.0.0.1 - - [06/Apr/2024 00:10:31] "[36mGET /static/icon/dir.png HTTP/1.1[0m" 304 -
INFO:werkzeug: * Detected change in '/workspace/fileshark/service.py', reloading
INFO:werkzeug: * Restarting with stat
WARNING:werkzeug: * Debugger is active!
INFO:werkzeug: * Debugger PIN: 625-607-721
INFO:werkzeug: * Detected change in '/workspace/fileshark/service.py', reloading
INFO:werkzeug: * Restarting with stat
WARNING:werkzeug: * Debugger is active!
INFO:werkzeug: * Debugger PIN: 625-607-721
INFO:werkzeug: * Detected change in '/workspace/fileshark/service.py', reloading
INFO:werkzeug: * Restarting with stat
WARNING:werkzeug: * Debugger is active!
INFO:werkzeug: * Debugger PIN: 625-607-721
INFO:werkzeug: * Detected change in '/workspace/fileshark/service.py', reloading
INFO:werkzeug: * Restarting with stat
WARNING:werkzeug: * Debugger is active!
INFO:werkzeug: * Debugger PIN: 625-607-721
INFO:werkzeug: * Detected change in '/workspace/fileshark/service.py', reloading
INFO:werkzeug: * Restarting with stat
WARNING:werkzeug: * Debugger is active!
INFO:werkzeug: * Debugger PIN: 625-607-721
INFO:werkzeug: * Detected change in '/workspace/fileshark/service.py', reloading
INFO:werkzeug: * Restarting with stat
WARNING:werkzeug: * Debugger is active!
INFO:werkzeug: * Debugger PIN: 625-607-721
INFO:werkzeug:127.0.0.1 - - [06/Apr/2024 00:11:47] "GET /deletedir?dir=bin&sessionid=a69a612f-d36d-4a91-aaf5-69d4c8bc8187&path=/ HTTP/1.1" 200 -
ERROR:user-adminuser:Cannot delete the folder. Permission denied : /bin
INFO:user-adminuser:Loaded directory : /
INFO:werkzeug:127.0.0.1 - - [06/Apr/2024 00:11:48] "GET /deletedir?dir=bin&allowdelete=True&sessionid=a69a612f-d36d-4a91-aaf5-69d4c8bc8187&path=/ HTTP/1.1" 200 -
INFO:werkzeug:127.0.0.1 - - [06/Apr/2024 00:11:48] "GET /static/css/index.css HTTP/1.1" 200 -
INFO:werkzeug:127.0.0.1 - - [06/Apr/2024 00:11:49] "[36mGET /static/icon/dir.png HTTP/1.1[0m" 304 -
INFO:werkzeug:127.0.0.1 - - [06/Apr/2024 00:11:52] "GET /deletedir?dir=proc&sessionid=a69a612f-d36d-4a91-aaf5-69d4c8bc8187&path=/ HTTP/1.1" 200 -
ERROR:user-adminuser:Cannot delete the folder. Permission denied : /proc
INFO:user-adminuser:Loaded directory : /
INFO:werkzeug:127.0.0.1 - - [06/Apr/2024 00:11:53] "GET /deletedir?dir=proc&allowdelete=True&sessionid=a69a612f-d36d-4a91-aaf5-69d4c8bc8187&path=/ HTTP/1.1" 200 -
INFO:werkzeug:127.0.0.1 - - [06/Apr/2024 00:11:54] "[36mGET /static/css/index.css HTTP/1.1[0m" 304 -
INFO:werkzeug:127.0.0.1 - - [06/Apr/2024 00:11:55] "GET /static/icon/dir.png HTTP/1.1" 200 -
INFO:user-adminuser:Loaded directory : /usr
INFO:werkzeug:127.0.0.1 - - [06/Apr/2024 00:11:58] "GET /?path=//usr&sessionid=a69a612f-d36d-4a91-aaf5-69d4c8bc8187 HTTP/1.1" 200 -
INFO:werkzeug:127.0.0.1 - - [06/Apr/2024 00:11:58] "[36mGET /static/css/index.css HTTP/1.1[0m" 304 -
INFO:werkzeug:127.0.0.1 - - [06/Apr/2024 00:11:58] "[36mGET /static/icon/dir.png HTTP/1.1[0m" 304 -
ERROR:user-adminuser:Cannot delete the folder. Permission denied : /usr/src
INFO:user-adminuser:Loaded directory : /usr
INFO:werkzeug:127.0.0.1 - - [06/Apr/2024 00:12:00] "GET /deletedir?dir=src&sessionid=a69a612f-d36d-4a91-aaf5-69d4c8bc8187&path=/usr HTTP/1.1" 200 -
INFO:werkzeug:127.0.0.1 - - [06/Apr/2024 00:12:01] "[36mGET /static/css/index.css HTTP/1.1[0m" 304 -
INFO:werkzeug:127.0.0.1 - - [06/Apr/2024 00:12:02] "[36mGET /static/icon/dir.png HTTP/1.1[0m" 304 -
INFO:werkzeug:127.0.0.1 - - [06/Apr/2024 00:12:03] "GET /deletedir?dir=bin&sessionid=a69a612f-d36d-4a91-aaf5-69d4c8bc8187&path=/usr HTTP/1.1" 200 -
ERROR:user-adminuser:Cannot delete the folder. Permission denied : /usr/bin
INFO:user-adminuser:Loaded directory : /usr
INFO:werkzeug:127.0.0.1 - - [06/Apr/2024 00:12:04] "GET /deletedir?dir=bin&allowdelete=True&sessionid=a69a612f-d36d-4a91-aaf5-69d4c8bc8187&path=/usr HTTP/1.1" 200 -
INFO:werkzeug:127.0.0.1 - - [06/Apr/2024 00:12:05] "[36mGET /static/css/index.css HTTP/1.1[0m" 304 -
INFO:werkzeug:127.0.0.1 - - [06/Apr/2024 00:12:06] "[36mGET /static/icon/dir.png HTTP/1.1[0m" 304 -
INFO:user-adminuser:Logout
INFO:werkzeug:127.0.0.1 - - [06/Apr/2024 00:12:07] "GET /logout?sessionid=a69a612f-d36d-4a91-aaf5-69d4c8bc8187 HTTP/1.1" 200 -
INFO:werkzeug:127.0.0.1 - - [06/Apr/2024 00:12:07] "[36mGET /static/css/login.css HTTP/1.1[0m" 304 -
