
INFO:user-adminuser: TEST INFO LOG : Date: 2024-04-12 16:31:07,454
WARNING:user-adminuser: TEST WARNING LOG : Date: 2024-04-12 16:31:41,655
ERROR:user-adminuser: TEST ERROR LOG : Date: 2024-04-12 16:32:20,303
INFO:user-adminuser: Loaded directory : /workspace/fileshark/users/adminuser : Date: 2024-04-12 16:34:32,397
INFO:user-adminuser: Loaded directory : /workspace/fileshark/users/adminuser : Date: 2024-04-12 16:34:32,397
INFO:user-adminuser: Loaded directory : /workspace/fileshark/users/adminuser : Date: 2024-04-12 16:35:06,528
INFO:user-adminuser: Loaded directory : /workspace/fileshark/users/adminuser : Date: 2024-04-12 16:35:06,528
INFO:user-adminuser: Loaded directory : /workspace/fileshark/users/adminuser : Date: 2024-04-12 16:35:06,528
INFO:user-adminuser: Loaded directory : /workspace/fileshark/users/adminuser : Date: 2024-04-12 16:35:32,435
INFO:user-adminuser: Loaded directory : /workspace/fileshark/users/adminuser : Date: 2024-04-12 16:35:32,435
INFO:user-adminuser: Loaded directory : /workspace/fileshark/users/adminuser : Date: 2024-04-12 16:35:32,435
INFO:user-adminuser: Loaded directory : /workspace/fileshark/users/adminuser : Date: 2024-04-12 16:35:32,435
INFO:user-adminuser: Loaded directory : /workspace/fileshark/users/adminuser : Date: 2024-04-12 16:43:10,836
INFO:user-adminuser: Loaded directory : /workspace/fileshark/users/adminuser : Date: 2024-04-12 16:44:45,657
INFO:user-adminuser: Loaded directory : /workspace/fileshark/users/adminuser : Date: 2024-04-12 16:44:45,657
INFO:user-adminuser: Loaded directory : /workspace/fileshark/users/adminuser : Date: 2024-04-12 16:45:50,067
INFO:user-adminuser: Loaded directory : /workspace/fileshark/users/adminuser : Date: 2024-04-12 16:45:50,067
INFO:user-adminuser: Loaded directory : /workspace/fileshark/users/adminuser : Date: 2024-04-12 16:45:50,067
INFO:user-adminuser: Loaded directory : /workspace/fileshark/users/adminuser : Date: 2024-04-12 16:46:55,164
INFO:user-adminuser: Loaded directory : /workspace/fileshark/users/adminuser : Date: 2024-04-12 16:46:55,164
INFO:user-adminuser: Loaded directory : /workspace/fileshark/users/adminuser : Date: 2024-04-12 16:46:55,164
INFO:user-adminuser: Loaded directory : /workspace/fileshark/users/adminuser : Date: 2024-04-12 16:46:55,164
INFO:user-adminuser: Loaded directory : /workspace/fileshark/users/adminuser : Date: 2024-04-12 16:47:20,029
INFO:user-adminuser: Loaded directory : /workspace/fileshark/users/adminuser : Date: 2024-04-12 16:47:20,029
INFO:user-adminuser: Loaded directory : /workspace/fileshark/users/adminuser : Date: 2024-04-12 16:47:20,029
INFO:user-adminuser: Loaded directory : /workspace/fileshark/users/adminuser : Date: 2024-04-12 16:47:20,029
INFO:user-adminuser: Loaded directory : /workspace/fileshark/users/adminuser : Date: 2024-04-12 16:47:20,029
INFO:user-adminuser: Loaded directory : /workspace/fileshark/users/adminuser : Date: 2024-04-12 16:47:37,167
INFO:user-adminuser: Loaded directory : /workspace/fileshark/users/adminuser : Date: 2024-04-12 16:47:37,167
INFO:user-adminuser: Loaded directory : /workspace/fileshark/users/adminuser : Date: 2024-04-12 16:47:37,167
INFO:user-adminuser: Loaded directory : /workspace/fileshark/users/adminuser : Date: 2024-04-12 16:47:37,167
INFO:user-adminuser: Loaded directory : /workspace/fileshark/users/adminuser : Date: 2024-04-12 16:47:37,167
INFO:user-adminuser: Loaded directory : /workspace/fileshark/users/adminuser : Date: 2024-04-12 16:47:37,167
INFO:user-adminuser: Loaded directory : /workspace/fileshark/users/adminuser : Date: 2024-04-12 16:47:48,756
INFO:user-adminuser: Loaded directory : /workspace/fileshark/users/adminuser : Date: 2024-04-12 16:47:48,756
INFO:user-adminuser: Loaded directory : /workspace/fileshark/users/adminuser : Date: 2024-04-12 16:47:48,756
INFO:user-adminuser: Loaded directory : /workspace/fileshark/users/adminuser : Date: 2024-04-12 16:47:48,756
INFO:user-adminuser: Loaded directory : /workspace/fileshark/users/adminuser : Date: 2024-04-12 16:47:48,756
INFO:user-adminuser: Loaded directory : /workspace/fileshark/users/adminuser : Date: 2024-04-12 16:47:48,756
INFO:user-adminuser: Loaded directory : /workspace/fileshark/users/adminuser : Date: 2024-04-12 16:47:48,756
INFO:user-adminuser: Loaded directory : /workspace/fileshark/users/adminuser : Date: 2024-04-12 16:49:09,005
INFO:user-adminuser: Loaded directory : /workspace/fileshark/users/adminuser : Date: 2024-04-12 16:49:09,005
INFO:user-adminuser: Loaded directory : /workspace/fileshark/users/adminuser : Date: 2024-04-12 16:49:09,005
INFO:user-adminuser: Loaded directory : /workspace/fileshark/users/adminuser : Date: 2024-04-12 16:49:09,005
INFO:user-adminuser: Loaded directory : /workspace/fileshark/users/adminuser : Date: 2024-04-12 16:49:09,005
INFO:user-adminuser: Loaded directory : /workspace/fileshark/users/adminuser : Date: 2024-04-12 16:49:09,005
INFO:user-adminuser: Loaded directory : /workspace/fileshark/users/adminuser : Date: 2024-04-12 16:49:09,005
INFO:user-adminuser: Loaded directory : /workspace/fileshark/users/adminuser : Date: 2024-04-12 16:49:09,005
INFO:user-adminuser: Loaded directory : /workspace/fileshark/users/adminuser : Date: 2024-04-12 16:49:56,544
INFO:user-adminuser: Loaded directory : /workspace/fileshark/users/adminuser : Date: 2024-04-12 16:49:56,544
INFO:user-adminuser: Loaded directory : /workspace/fileshark/users/adminuser : Date: 2024-04-12 16:49:56,544
INFO:user-adminuser: Loaded directory : /workspace/fileshark/users/adminuser : Date: 2024-04-12 16:49:56,544
INFO:user-adminuser: Loaded directory : /workspace/fileshark/users/adminuser : Date: 2024-04-12 16:49:56,544
INFO:user-adminuser: Loaded directory : /workspace/fileshark/users/adminuser : Date: 2024-04-12 16:49:56,544
INFO:user-adminuser: Loaded directory : /workspace/fileshark/users/adminuser : Date: 2024-04-12 16:49:56,544
INFO:user-adminuser: Loaded directory : /workspace/fileshark/users/adminuser : Date: 2024-04-12 16:49:56,544
INFO:user-adminuser: Loaded directory : /workspace/fileshark/users/adminuser : Date: 2024-04-12 16:49:56,544
INFO:user-adminuser: Loaded directory : /workspace/fileshark/users/adminuser : Date: 2024-04-12 16:50:23,440
INFO:user-adminuser: Loaded directory : /workspace/fileshark/users/adminuser : Date: 2024-04-12 16:50:23,440
INFO:user-adminuser: Loaded directory : /workspace/fileshark/users/adminuser : Date: 2024-04-12 16:50:23,440
INFO:user-adminuser: Loaded directory : /workspace/fileshark/users/adminuser : Date: 2024-04-12 16:50:23,440
INFO:user-adminuser: Loaded directory : /workspace/fileshark/users/adminuser : Date: 2024-04-12 16:50:23,440
INFO:user-adminuser: Loaded directory : /workspace/fileshark/users/adminuser : Date: 2024-04-12 16:50:23,440
INFO:user-adminuser: Loaded directory : /workspace/fileshark/users/adminuser : Date: 2024-04-12 16:50:23,440
INFO:user-adminuser: Loaded directory : /workspace/fileshark/users/adminuser : Date: 2024-04-12 16:50:23,440
INFO:user-adminuser: Loaded directory : /workspace/fileshark/users/adminuser : Date: 2024-04-12 16:50:23,440
INFO:user-adminuser: Loaded directory : /workspace/fileshark/users/adminuser : Date: 2024-04-12 16:50:23,440
INFO:user-adminuser: Loaded directory : /workspace/fileshark/users/adminuser : Date: 2024-04-12 16:50:35,746
INFO:user-adminuser: Loaded directory : /workspace/fileshark/users/adminuser : Date: 2024-04-12 16:50:35,746
INFO:user-adminuser: Loaded directory : /workspace/fileshark/users/adminuser : Date: 2024-04-12 16:50:35,746
INFO:user-adminuser: Loaded directory : /workspace/fileshark/users/adminuser : Date: 2024-04-12 16:50:35,746
INFO:user-adminuser: Loaded directory : /workspace/fileshark/users/adminuser : Date: 2024-04-12 16:50:35,746
INFO:user-adminuser: Loaded directory : /workspace/fileshark/users/adminuser : Date: 2024-04-12 16:50:35,746
INFO:user-adminuser: Loaded directory : /workspace/fileshark/users/adminuser : Date: 2024-04-12 16:50:35,746
INFO:user-adminuser: Loaded directory : /workspace/fileshark/users/adminuser : Date: 2024-04-12 16:50:35,746
INFO:user-adminuser: Loaded directory : /workspace/fileshark/users/adminuser : Date: 2024-04-12 16:50:35,746
INFO:user-adminuser: Loaded directory : /workspace/fileshark/users/adminuser : Date: 2024-04-12 16:50:35,746
INFO:user-adminuser: Loaded directory : /workspace/fileshark/users/adminuser : Date: 2024-04-12 16:50:35,746
INFO:user-adminuser: Loaded directory : /workspace/fileshark/users/adminuser : Date: 2024-04-12 16:50:50,581
INFO:user-adminuser: Loaded directory : /workspace/fileshark/users/adminuser : Date: 2024-04-12 16:50:50,581
INFO:user-adminuser: Loaded directory : /workspace/fileshark/users/adminuser : Date: 2024-04-12 16:50:50,581
INFO:user-adminuser: Loaded directory : /workspace/fileshark/users/adminuser : Date: 2024-04-12 16:50:50,581
INFO:user-adminuser: Loaded directory : /workspace/fileshark/users/adminuser : Date: 2024-04-12 16:50:50,581
INFO:user-adminuser: Loaded directory : /workspace/fileshark/users/adminuser : Date: 2024-04-12 16:50:50,581
INFO:user-adminuser: Loaded directory : /workspace/fileshark/users/adminuser : Date: 2024-04-12 16:50:50,581
INFO:user-adminuser: Loaded directory : /workspace/fileshark/users/adminuser : Date: 2024-04-12 16:50:50,581
INFO:user-adminuser: Loaded directory : /workspace/fileshark/users/adminuser : Date: 2024-04-12 16:50:50,581
INFO:user-adminuser: Loaded directory : /workspace/fileshark/users/adminuser : Date: 2024-04-12 16:50:50,581
INFO:user-adminuser: Loaded directory : /workspace/fileshark/users/adminuser : Date: 2024-04-12 16:50:50,581
INFO:user-adminuser: Loaded directory : /workspace/fileshark/users/adminuser : Date: 2024-04-12 16:50:50,581
INFO:user-adminuser: Loaded directory : /workspace/fileshark/users/adminuser : Date: 2024-04-12 16:51:14,355
INFO:user-adminuser: Loaded directory : /workspace/fileshark/users/adminuser : Date: 2024-04-12 16:51:14,355
INFO:user-adminuser: Loaded directory : /workspace/fileshark/users/adminuser : Date: 2024-04-12 16:51:14,355
INFO:user-adminuser: Loaded directory : /workspace/fileshark/users/adminuser : Date: 2024-04-12 16:51:14,355
INFO:user-adminuser: Loaded directory : /workspace/fileshark/users/adminuser : Date: 2024-04-12 16:51:14,355
INFO:user-adminuser: Loaded directory : /workspace/fileshark/users/adminuser : Date: 2024-04-12 16:51:14,355
INFO:user-adminuser: Loaded directory : /workspace/fileshark/users/adminuser : Date: 2024-04-12 16:51:14,355
INFO:user-adminuser: Loaded directory : /workspace/fileshark/users/adminuser : Date: 2024-04-12 16:51:14,355
INFO:user-adminuser: Loaded directory : /workspace/fileshark/users/adminuser : Date: 2024-04-12 16:51:14,355
INFO:user-adminuser: Loaded directory : /workspace/fileshark/users/adminuser : Date: 2024-04-12 16:51:14,355
INFO:user-adminuser: Loaded directory : /workspace/fileshark/users/adminuser : Date: 2024-04-12 16:51:14,355
INFO:user-adminuser: Loaded directory : /workspace/fileshark/users/adminuser : Date: 2024-04-12 16:51:14,355
INFO:user-adminuser: Loaded directory : /workspace/fileshark/users/adminuser : Date: 2024-04-12 16:51:14,355
INFO:user-adminuser: Loaded directory : /workspace/fileshark/users/adminuser : Date: 2024-04-12 16:51:16,300
INFO:user-adminuser: Loaded directory : /workspace/fileshark/users/adminuser : Date: 2024-04-12 16:51:16,300
INFO:user-adminuser: Loaded directory : /workspace/fileshark/users/adminuser : Date: 2024-04-12 16:51:16,300
INFO:user-adminuser: Loaded directory : /workspace/fileshark/users/adminuser : Date: 2024-04-12 16:51:16,300
INFO:user-adminuser: Loaded directory : /workspace/fileshark/users/adminuser : Date: 2024-04-12 16:51:16,300
INFO:user-adminuser: Loaded directory : /workspace/fileshark/users/adminuser : Date: 2024-04-12 16:51:16,300
INFO:user-adminuser: Loaded directory : /workspace/fileshark/users/adminuser : Date: 2024-04-12 16:51:16,300
INFO:user-adminuser: Loaded directory : /workspace/fileshark/users/adminuser : Date: 2024-04-12 16:51:16,300
INFO:user-adminuser: Loaded directory : /workspace/fileshark/users/adminuser : Date: 2024-04-12 16:51:16,300
INFO:user-adminuser: Loaded directory : /workspace/fileshark/users/adminuser : Date: 2024-04-12 16:51:16,300
INFO:user-adminuser: Loaded directory : /workspace/fileshark/users/adminuser : Date: 2024-04-12 16:51:16,300
INFO:user-adminuser: Loaded directory : /workspace/fileshark/users/adminuser : Date: 2024-04-12 16:51:16,300
INFO:user-adminuser: Loaded directory : /workspace/fileshark/users/adminuser : Date: 2024-04-12 16:51:16,300
INFO:user-adminuser: Loaded directory : /workspace/fileshark/users/adminuser : Date: 2024-04-12 16:51:16,300
INFO:user-adminuser: Loaded directory : /workspace/fileshark/users/adminuser : Date: 2024-04-12 16:51:23,442
INFO:user-adminuser: Loaded directory : /workspace/fileshark/users/adminuser : Date: 2024-04-12 16:51:23,442
INFO:user-adminuser: Loaded directory : /workspace/fileshark/users/adminuser : Date: 2024-04-12 16:51:23,442
INFO:user-adminuser: Loaded directory : /workspace/fileshark/users/adminuser : Date: 2024-04-12 16:51:23,442
INFO:user-adminuser: Loaded directory : /workspace/fileshark/users/adminuser : Date: 2024-04-12 16:51:23,442
INFO:user-adminuser: Loaded directory : /workspace/fileshark/users/adminuser : Date: 2024-04-12 16:51:23,442
INFO:user-adminuser: Loaded directory : /workspace/fileshark/users/adminuser : Date: 2024-04-12 16:51:23,442
INFO:user-adminuser: Loaded directory : /workspace/fileshark/users/adminuser : Date: 2024-04-12 16:51:23,442
INFO:user-adminuser: Loaded directory : /workspace/fileshark/users/adminuser : Date: 2024-04-12 16:51:23,442
INFO:user-adminuser: Loaded directory : /workspace/fileshark/users/adminuser : Date: 2024-04-12 16:51:23,442
INFO:user-adminuser: Loaded directory : /workspace/fileshark/users/adminuser : Date: 2024-04-12 16:51:23,442
INFO:user-adminuser: Loaded directory : /workspace/fileshark/users/adminuser : Date: 2024-04-12 16:51:23,442
INFO:user-adminuser: Loaded directory : /workspace/fileshark/users/adminuser : Date: 2024-04-12 16:51:23,442
INFO:user-adminuser: Loaded directory : /workspace/fileshark/users/adminuser : Date: 2024-04-12 16:51:23,442
INFO:user-adminuser: Loaded directory : /workspace/fileshark/users/adminuser : Date: 2024-04-12 16:51:23,442
INFO:user-adminuser: User login : Date: 2024-04-12 16:51:39,783
INFO:user-adminuser: Loaded directory : ./users/adminuser : Date: 2024-04-12 16:51:39,784
INFO:user-adminuser: Loaded directory : ./users/adminuser : Date: 2024-04-12 16:51:39,784
INFO:user-adminuser: User login : Date: 2024-04-12 16:52:11,081
INFO:user-adminuser: User login : Date: 2024-04-12 16:52:11,081
INFO:user-adminuser: User login : Date: 2024-04-12 16:52:11,081
INFO:user-adminuser: Loaded directory : ./users/adminuser : Date: 2024-04-12 16:52:11,082
INFO:user-adminuser: Loaded directory : ./users/adminuser : Date: 2024-04-12 16:52:11,082
INFO:user-adminuser: Loaded directory : ./users/adminuser : Date: 2024-04-12 16:52:11,082
INFO:user-adminuser: Loaded directory : ./users/adminuser : Date: 2024-04-12 16:52:11,082
INFO:user-adminuser: User login : Date: 2024-04-12 16:52:34,268
INFO:user-adminuser: User login : Date: 2024-04-12 16:52:34,268
INFO:user-adminuser: User login : Date: 2024-04-12 16:52:34,268
INFO:user-adminuser: User login : Date: 2024-04-12 16:52:34,268
INFO:user-adminuser: User login : Date: 2024-04-12 16:52:34,268
INFO:user-adminuser: Loaded directory : ./users/adminuser : Date: 2024-04-12 16:52:34,269
INFO:user-adminuser: Loaded directory : ./users/adminuser : Date: 2024-04-12 16:52:34,269
INFO:user-adminuser: Loaded directory : ./users/adminuser : Date: 2024-04-12 16:52:34,269
INFO:user-adminuser: Loaded directory : ./users/adminuser : Date: 2024-04-12 16:52:34,269
INFO:user-adminuser: Loaded directory : ./users/adminuser : Date: 2024-04-12 16:52:34,269
INFO:user-adminuser: Loaded directory : ./users/adminuser : Date: 2024-04-12 16:52:34,269
INFO:user-adminuser: User login : Date: 2024-04-12 16:52:44,970
INFO:user-adminuser: User login : Date: 2024-04-12 16:52:44,970
INFO:user-adminuser: User login : Date: 2024-04-12 16:52:44,970
INFO:user-adminuser: User login : Date: 2024-04-12 16:52:44,970
INFO:user-adminuser: User login : Date: 2024-04-12 16:52:44,970
INFO:user-adminuser: User login : Date: 2024-04-12 16:52:44,970
INFO:user-adminuser: User login : Date: 2024-04-12 16:52:44,970
INFO:user-adminuser: Loaded directory : ./users/adminuser : Date: 2024-04-12 16:52:44,972
INFO:user-adminuser: Loaded directory : ./users/adminuser : Date: 2024-04-12 16:52:44,972
INFO:user-adminuser: Loaded directory : ./users/adminuser : Date: 2024-04-12 16:52:44,972
INFO:user-adminuser: Loaded directory : ./users/adminuser : Date: 2024-04-12 16:52:44,972
INFO:user-adminuser: Loaded directory : ./users/adminuser : Date: 2024-04-12 16:52:44,972
INFO:user-adminuser: Loaded directory : ./users/adminuser : Date: 2024-04-12 16:52:44,972
INFO:user-adminuser: Loaded directory : ./users/adminuser : Date: 2024-04-12 16:52:44,972
INFO:user-adminuser: Loaded directory : ./users/adminuser : Date: 2024-04-12 16:52:44,972
INFO:user-adminuser: User login : Date: 2024-04-12 16:53:40,258
INFO:user-adminuser: User login : Date: 2024-04-12 16:53:40,258
INFO:user-adminuser: User login : Date: 2024-04-12 16:53:40,258
INFO:user-adminuser: User login : Date: 2024-04-12 16:53:40,258
INFO:user-adminuser: User login : Date: 2024-04-12 16:53:40,258
INFO:user-adminuser: User login : Date: 2024-04-12 16:53:40,258
INFO:user-adminuser: User login : Date: 2024-04-12 16:53:40,258
INFO:user-adminuser: User login : Date: 2024-04-12 16:53:40,258
INFO:user-adminuser: User login : Date: 2024-04-12 16:53:40,258
INFO:user-adminuser: Loaded directory : ./users/adminuser : Date: 2024-04-12 16:53:40,260
INFO:user-adminuser: Loaded directory : ./users/adminuser : Date: 2024-04-12 16:53:40,260
INFO:user-adminuser: Loaded directory : ./users/adminuser : Date: 2024-04-12 16:53:40,260
INFO:user-adminuser: Loaded directory : ./users/adminuser : Date: 2024-04-12 16:53:40,260
INFO:user-adminuser: Loaded directory : ./users/adminuser : Date: 2024-04-12 16:53:40,260
INFO:user-adminuser: Loaded directory : ./users/adminuser : Date: 2024-04-12 16:53:40,260
INFO:user-adminuser: Loaded directory : ./users/adminuser : Date: 2024-04-12 16:53:40,260
INFO:user-adminuser: Loaded directory : ./users/adminuser : Date: 2024-04-12 16:53:40,260
INFO:user-adminuser: Loaded directory : ./users/adminuser : Date: 2024-04-12 16:53:40,260
INFO:user-adminuser: Loaded directory : ./users/adminuser : Date: 2024-04-12 16:53:40,260
INFO:user-adminuser: User login : Date: 2024-04-12 16:54:28,693
INFO:user-adminuser: User login : Date: 2024-04-12 16:54:28,693
INFO:user-adminuser: User login : Date: 2024-04-12 16:54:28,693
INFO:user-adminuser: User login : Date: 2024-04-12 16:54:28,693
INFO:user-adminuser: User login : Date: 2024-04-12 16:54:28,693
INFO:user-adminuser: User login : Date: 2024-04-12 16:54:28,693
INFO:user-adminuser: User login : Date: 2024-04-12 16:54:28,693
INFO:user-adminuser: User login : Date: 2024-04-12 16:54:28,693
INFO:user-adminuser: User login : Date: 2024-04-12 16:54:28,693
INFO:user-adminuser: User login : Date: 2024-04-12 16:54:28,693
INFO:user-adminuser: User login : Date: 2024-04-12 16:54:28,693
INFO:user-adminuser: Loaded directory : ./users/adminuser : Date: 2024-04-12 16:54:28,695
INFO:user-adminuser: Loaded directory : ./users/adminuser : Date: 2024-04-12 16:54:28,695
INFO:user-adminuser: Loaded directory : ./users/adminuser : Date: 2024-04-12 16:54:28,695
INFO:user-adminuser: Loaded directory : ./users/adminuser : Date: 2024-04-12 16:54:28,695
INFO:user-adminuser: Loaded directory : ./users/adminuser : Date: 2024-04-12 16:54:28,695
INFO:user-adminuser: Loaded directory : ./users/adminuser : Date: 2024-04-12 16:54:28,695
INFO:user-adminuser: Loaded directory : ./users/adminuser : Date: 2024-04-12 16:54:28,695
INFO:user-adminuser: Loaded directory : ./users/adminuser : Date: 2024-04-12 16:54:28,695
INFO:user-adminuser: Loaded directory : ./users/adminuser : Date: 2024-04-12 16:54:28,695
INFO:user-adminuser: Loaded directory : ./users/adminuser : Date: 2024-04-12 16:54:28,695
INFO:user-adminuser: Loaded directory : ./users/adminuser : Date: 2024-04-12 16:54:28,695
INFO:user-adminuser: Loaded directory : ./users/adminuser : Date: 2024-04-12 16:54:28,695
INFO:user-adminuser: User login : Date: 2024-04-12 16:55:07,918
INFO:user-adminuser: User login : Date: 2024-04-12 16:55:07,918
INFO:user-adminuser: User login : Date: 2024-04-12 16:55:07,918
INFO:user-adminuser: User login : Date: 2024-04-12 16:55:07,918
INFO:user-adminuser: User login : Date: 2024-04-12 16:55:07,918
INFO:user-adminuser: User login : Date: 2024-04-12 16:55:07,918
INFO:user-adminuser: User login : Date: 2024-04-12 16:55:07,918
INFO:user-adminuser: User login : Date: 2024-04-12 16:55:07,918
INFO:user-adminuser: User login : Date: 2024-04-12 16:55:07,918
INFO:user-adminuser: User login : Date: 2024-04-12 16:55:07,918
INFO:user-adminuser: User login : Date: 2024-04-12 16:55:07,918
INFO:user-adminuser: User login : Date: 2024-04-12 16:55:07,918
INFO:user-adminuser: User login : Date: 2024-04-12 16:55:07,918
INFO:user-adminuser: Loaded directory : ./users/adminuser : Date: 2024-04-12 16:55:07,920
INFO:user-adminuser: Loaded directory : ./users/adminuser : Date: 2024-04-12 16:55:07,920
INFO:user-adminuser: Loaded directory : ./users/adminuser : Date: 2024-04-12 16:55:07,920
INFO:user-adminuser: Loaded directory : ./users/adminuser : Date: 2024-04-12 16:55:07,920
INFO:user-adminuser: Loaded directory : ./users/adminuser : Date: 2024-04-12 16:55:07,920
INFO:user-adminuser: Loaded directory : ./users/adminuser : Date: 2024-04-12 16:55:07,920
INFO:user-adminuser: Loaded directory : ./users/adminuser : Date: 2024-04-12 16:55:07,920
INFO:user-adminuser: Loaded directory : ./users/adminuser : Date: 2024-04-12 16:55:07,920
INFO:user-adminuser: Loaded directory : ./users/adminuser : Date: 2024-04-12 16:55:07,920
INFO:user-adminuser: Loaded directory : ./users/adminuser : Date: 2024-04-12 16:55:07,920
INFO:user-adminuser: Loaded directory : ./users/adminuser : Date: 2024-04-12 16:55:07,920
INFO:user-adminuser: Loaded directory : ./users/adminuser : Date: 2024-04-12 16:55:07,920
INFO:user-adminuser: Loaded directory : ./users/adminuser : Date: 2024-04-12 16:55:07,920
INFO:user-adminuser: Loaded directory : ./users/adminuser : Date: 2024-04-12 16:55:07,920
INFO:user-adminuser: Loaded directory : /workspace/fileshark/users/adminuser/systemfiles : Date: 2024-04-12 16:55:09,212
INFO:user-adminuser: Loaded directory : /workspace/fileshark/users/adminuser/systemfiles : Date: 2024-04-12 16:55:09,212
INFO:user-adminuser: Loaded directory : /workspace/fileshark/users/adminuser/systemfiles : Date: 2024-04-12 16:55:09,212
INFO:user-adminuser: Loaded directory : /workspace/fileshark/users/adminuser/systemfiles : Date: 2024-04-12 16:55:09,212
INFO:user-adminuser: Loaded directory : /workspace/fileshark/users/adminuser/systemfiles : Date: 2024-04-12 16:55:09,212
INFO:user-adminuser: Loaded directory : /workspace/fileshark/users/adminuser/systemfiles : Date: 2024-04-12 16:55:09,212
INFO:user-adminuser: Loaded directory : /workspace/fileshark/users/adminuser/systemfiles : Date: 2024-04-12 16:55:09,212
INFO:user-adminuser: Loaded directory : /workspace/fileshark/users/adminuser/systemfiles : Date: 2024-04-12 16:55:09,212
INFO:user-adminuser: Loaded directory : /workspace/fileshark/users/adminuser/systemfiles : Date: 2024-04-12 16:55:09,212
INFO:user-adminuser: Loaded directory : /workspace/fileshark/users/adminuser/systemfiles : Date: 2024-04-12 16:55:09,212
INFO:user-adminuser: Loaded directory : /workspace/fileshark/users/adminuser/systemfiles : Date: 2024-04-12 16:55:09,212
INFO:user-adminuser: Loaded directory : /workspace/fileshark/users/adminuser/systemfiles : Date: 2024-04-12 16:55:09,212
INFO:user-adminuser: Loaded directory : /workspace/fileshark/users/adminuser/systemfiles : Date: 2024-04-12 16:55:09,212
INFO:user-adminuser: Loaded directory : /workspace/fileshark/users/adminuser/systemfiles : Date: 2024-04-12 16:55:09,212
INFO:user-adminuser: Loaded directory : /workspace/fileshark/users/adminuser/systemfiles : Date: 2024-04-12 16:55:09,212
INFO:user-adminuser: Loaded directory : /workspace/fileshark/users/adminuser/systemfiles : Date: 2024-04-12 16:55:30,456
INFO:user-adminuser: Loaded directory : /workspace/fileshark/users/adminuser/systemfiles : Date: 2024-04-12 16:55:30,456
INFO:user-adminuser: Loaded directory : /workspace/fileshark/users/adminuser/systemfiles : Date: 2024-04-12 16:55:30,456
INFO:user-adminuser: Loaded directory : /workspace/fileshark/users/adminuser/systemfiles : Date: 2024-04-12 16:55:30,456
INFO:user-adminuser: Loaded directory : /workspace/fileshark/users/adminuser/systemfiles : Date: 2024-04-12 16:55:30,456
INFO:user-adminuser: Loaded directory : /workspace/fileshark/users/adminuser/systemfiles : Date: 2024-04-12 16:55:30,456
INFO:user-adminuser: Loaded directory : /workspace/fileshark/users/adminuser/systemfiles : Date: 2024-04-12 16:55:30,456
INFO:user-adminuser: Loaded directory : /workspace/fileshark/users/adminuser/systemfiles : Date: 2024-04-12 16:55:30,456
INFO:user-adminuser: Loaded directory : /workspace/fileshark/users/adminuser/systemfiles : Date: 2024-04-12 16:55:30,456
INFO:user-adminuser: Loaded directory : /workspace/fileshark/users/adminuser/systemfiles : Date: 2024-04-12 16:55:30,456
INFO:user-adminuser: Loaded directory : /workspace/fileshark/users/adminuser/systemfiles : Date: 2024-04-12 16:55:30,456
INFO:user-adminuser: Loaded directory : /workspace/fileshark/users/adminuser/systemfiles : Date: 2024-04-12 16:55:30,456
INFO:user-adminuser: Loaded directory : /workspace/fileshark/users/adminuser/systemfiles : Date: 2024-04-12 16:55:30,456
INFO:user-adminuser: Loaded directory : /workspace/fileshark/users/adminuser/systemfiles : Date: 2024-04-12 16:55:30,456
INFO:user-adminuser: Loaded directory : /workspace/fileshark/users/adminuser/systemfiles : Date: 2024-04-12 16:55:30,456
INFO:user-adminuser: Loaded directory : /workspace/fileshark/users/adminuser/systemfiles : Date: 2024-04-12 16:55:30,456
INFO:user-adminuser: Loaded directory : /workspace/fileshark/users/adminuser/systemfiles : Date: 2024-04-12 16:55:40,832
INFO:user-adminuser: Loaded directory : /workspace/fileshark/users/adminuser/systemfiles : Date: 2024-04-12 16:55:40,832
INFO:user-adminuser: Loaded directory : /workspace/fileshark/users/adminuser/systemfiles : Date: 2024-04-12 16:55:40,832
INFO:user-adminuser: Loaded directory : /workspace/fileshark/users/adminuser/systemfiles : Date: 2024-04-12 16:55:40,832
INFO:user-adminuser: Loaded directory : /workspace/fileshark/users/adminuser/systemfiles : Date: 2024-04-12 16:55:40,832
INFO:user-adminuser: Loaded directory : /workspace/fileshark/users/adminuser/systemfiles : Date: 2024-04-12 16:55:40,832
INFO:user-adminuser: Loaded directory : /workspace/fileshark/users/adminuser/systemfiles : Date: 2024-04-12 16:55:40,832
INFO:user-adminuser: Loaded directory : /workspace/fileshark/users/adminuser/systemfiles : Date: 2024-04-12 16:55:40,832
INFO:user-adminuser: Loaded directory : /workspace/fileshark/users/adminuser/systemfiles : Date: 2024-04-12 16:55:40,832
INFO:user-adminuser: Loaded directory : /workspace/fileshark/users/adminuser/systemfiles : Date: 2024-04-12 16:55:40,832
INFO:user-adminuser: Loaded directory : /workspace/fileshark/users/adminuser/systemfiles : Date: 2024-04-12 16:55:40,832
INFO:user-adminuser: Loaded directory : /workspace/fileshark/users/adminuser/systemfiles : Date: 2024-04-12 16:55:40,832
INFO:user-adminuser: Loaded directory : /workspace/fileshark/users/adminuser/systemfiles : Date: 2024-04-12 16:55:40,832
INFO:user-adminuser: Loaded directory : /workspace/fileshark/users/adminuser/systemfiles : Date: 2024-04-12 16:55:40,832
INFO:user-adminuser: Loaded directory : /workspace/fileshark/users/adminuser/systemfiles : Date: 2024-04-12 16:55:40,832
INFO:user-adminuser: Loaded directory : /workspace/fileshark/users/adminuser/systemfiles : Date: 2024-04-12 16:55:40,832
INFO:user-adminuser: Loaded directory : /workspace/fileshark/users/adminuser/systemfiles : Date: 2024-04-12 16:55:40,832
INFO:user-adminuser: Loaded directory : /workspace/fileshark/users/adminuser/systemfiles : Date: 2024-04-12 16:58:54,186
INFO:user-adminuser: Loaded directory : /workspace/fileshark/users/adminuser/systemfiles : Date: 2024-04-12 16:58:54,186
INFO:user-adminuser: Loaded directory : /workspace/fileshark/users/adminuser/systemfiles : Date: 2024-04-12 16:58:54,186
INFO:user-adminuser: Loaded directory : /workspace/fileshark/users/adminuser/systemfiles : Date: 2024-04-12 16:58:54,186
INFO:user-adminuser: Loaded directory : /workspace/fileshark/users/adminuser/systemfiles : Date: 2024-04-12 16:58:54,186
INFO:user-adminuser: Loaded directory : /workspace/fileshark/users/adminuser/systemfiles : Date: 2024-04-12 16:58:54,186
INFO:user-adminuser: Loaded directory : /workspace/fileshark/users/adminuser/systemfiles : Date: 2024-04-12 16:58:54,186
INFO:user-adminuser: Loaded directory : /workspace/fileshark/users/adminuser/systemfiles : Date: 2024-04-12 16:58:54,186
INFO:user-adminuser: Loaded directory : /workspace/fileshark/users/adminuser/systemfiles : Date: 2024-04-12 16:58:54,186
INFO:user-adminuser: Loaded directory : /workspace/fileshark/users/adminuser/systemfiles : Date: 2024-04-12 16:58:54,186
INFO:user-adminuser: Loaded directory : /workspace/fileshark/users/adminuser/systemfiles : Date: 2024-04-12 16:58:54,186
INFO:user-adminuser: Loaded directory : /workspace/fileshark/users/adminuser/systemfiles : Date: 2024-04-12 16:58:54,186
INFO:user-adminuser: Loaded directory : /workspace/fileshark/users/adminuser/systemfiles : Date: 2024-04-12 16:58:54,186
INFO:user-adminuser: Loaded directory : /workspace/fileshark/users/adminuser/systemfiles : Date: 2024-04-12 16:58:54,186
INFO:user-adminuser: Loaded directory : /workspace/fileshark/users/adminuser/systemfiles : Date: 2024-04-12 16:58:54,186
INFO:user-adminuser: Loaded directory : /workspace/fileshark/users/adminuser/systemfiles : Date: 2024-04-12 16:58:54,186
INFO:user-adminuser: Loaded directory : /workspace/fileshark/users/adminuser/systemfiles : Date: 2024-04-12 16:58:54,186
INFO:user-adminuser: Loaded directory : /workspace/fileshark/users/adminuser/systemfiles : Date: 2024-04-12 16:58:54,186
INFO:user-adminuser: Loaded directory : /workspace/fileshark/users/adminuser/systemfiles : Date: 2024-04-12 16:59:06,670
INFO:user-adminuser: Loaded directory : /workspace/fileshark/users/adminuser/systemfiles : Date: 2024-04-12 16:59:06,670
INFO:user-adminuser: Loaded directory : /workspace/fileshark/users/adminuser/systemfiles : Date: 2024-04-12 16:59:06,670
INFO:user-adminuser: Loaded directory : /workspace/fileshark/users/adminuser/systemfiles : Date: 2024-04-12 16:59:06,670
INFO:user-adminuser: Loaded directory : /workspace/fileshark/users/adminuser/systemfiles : Date: 2024-04-12 16:59:06,670
INFO:user-adminuser: Loaded directory : /workspace/fileshark/users/adminuser/systemfiles : Date: 2024-04-12 16:59:06,670
INFO:user-adminuser: Loaded directory : /workspace/fileshark/users/adminuser/systemfiles : Date: 2024-04-12 16:59:06,670
INFO:user-adminuser: Loaded directory : /workspace/fileshark/users/adminuser/systemfiles : Date: 2024-04-12 16:59:06,670
INFO:user-adminuser: Loaded directory : /workspace/fileshark/users/adminuser/systemfiles : Date: 2024-04-12 16:59:06,670
INFO:user-adminuser: Loaded directory : /workspace/fileshark/users/adminuser/systemfiles : Date: 2024-04-12 16:59:06,670
INFO:user-adminuser: Loaded directory : /workspace/fileshark/users/adminuser/systemfiles : Date: 2024-04-12 16:59:06,670
INFO:user-adminuser: Loaded directory : /workspace/fileshark/users/adminuser/systemfiles : Date: 2024-04-12 16:59:06,670
INFO:user-adminuser: Loaded directory : /workspace/fileshark/users/adminuser/systemfiles : Date: 2024-04-12 16:59:06,670
INFO:user-adminuser: Loaded directory : /workspace/fileshark/users/adminuser/systemfiles : Date: 2024-04-12 16:59:06,670
INFO:user-adminuser: Loaded directory : /workspace/fileshark/users/adminuser/systemfiles : Date: 2024-04-12 16:59:06,670
INFO:user-adminuser: Loaded directory : /workspace/fileshark/users/adminuser/systemfiles : Date: 2024-04-12 16:59:06,670
INFO:user-adminuser: Loaded directory : /workspace/fileshark/users/adminuser/systemfiles : Date: 2024-04-12 16:59:06,670
INFO:user-adminuser: Loaded directory : /workspace/fileshark/users/adminuser/systemfiles : Date: 2024-04-12 16:59:06,670
INFO:user-adminuser: Loaded directory : /workspace/fileshark/users/adminuser/systemfiles : Date: 2024-04-12 16:59:06,670
INFO:user-adminuser: Loaded directory : /workspace/fileshark/users/adminuser/systemfiles : Date: 2024-04-12 16:59:15,597
INFO:user-adminuser: Loaded directory : /workspace/fileshark/users/adminuser/systemfiles : Date: 2024-04-12 16:59:15,597
INFO:user-adminuser: Loaded directory : /workspace/fileshark/users/adminuser/systemfiles : Date: 2024-04-12 16:59:15,597
INFO:user-adminuser: Loaded directory : /workspace/fileshark/users/adminuser/systemfiles : Date: 2024-04-12 16:59:15,597
INFO:user-adminuser: Loaded directory : /workspace/fileshark/users/adminuser/systemfiles : Date: 2024-04-12 16:59:15,597
INFO:user-adminuser: Loaded directory : /workspace/fileshark/users/adminuser/systemfiles : Date: 2024-04-12 16:59:15,597
INFO:user-adminuser: Loaded directory : /workspace/fileshark/users/adminuser/systemfiles : Date: 2024-04-12 16:59:15,597
INFO:user-adminuser: Loaded directory : /workspace/fileshark/users/adminuser/systemfiles : Date: 2024-04-12 16:59:15,597
INFO:user-adminuser: Loaded directory : /workspace/fileshark/users/adminuser/systemfiles : Date: 2024-04-12 16:59:15,597
INFO:user-adminuser: Loaded directory : /workspace/fileshark/users/adminuser/systemfiles : Date: 2024-04-12 16:59:15,597
INFO:user-adminuser: Loaded directory : /workspace/fileshark/users/adminuser/systemfiles : Date: 2024-04-12 16:59:15,597
INFO:user-adminuser: Loaded directory : /workspace/fileshark/users/adminuser/systemfiles : Date: 2024-04-12 16:59:15,597
INFO:user-adminuser: Loaded directory : /workspace/fileshark/users/adminuser/systemfiles : Date: 2024-04-12 16:59:15,597
INFO:user-adminuser: Loaded directory : /workspace/fileshark/users/adminuser/systemfiles : Date: 2024-04-12 16:59:15,597
INFO:user-adminuser: Loaded directory : /workspace/fileshark/users/adminuser/systemfiles : Date: 2024-04-12 16:59:15,597
INFO:user-adminuser: Loaded directory : /workspace/fileshark/users/adminuser/systemfiles : Date: 2024-04-12 16:59:15,597
INFO:user-adminuser: Loaded directory : /workspace/fileshark/users/adminuser/systemfiles : Date: 2024-04-12 16:59:15,597
INFO:user-adminuser: Loaded directory : /workspace/fileshark/users/adminuser/systemfiles : Date: 2024-04-12 16:59:15,597
INFO:user-adminuser: Loaded directory : /workspace/fileshark/users/adminuser/systemfiles : Date: 2024-04-12 16:59:15,597
INFO:user-adminuser: Loaded directory : /workspace/fileshark/users/adminuser/systemfiles : Date: 2024-04-12 16:59:15,597
INFO:user-adminuser: Loaded directory : /workspace/fileshark/users/adminuser/systemfiles : Date: 2024-04-12 16:59:28,529
INFO:user-adminuser: Loaded directory : /workspace/fileshark/users/adminuser/systemfiles : Date: 2024-04-12 16:59:28,529
INFO:user-adminuser: Loaded directory : /workspace/fileshark/users/adminuser/systemfiles : Date: 2024-04-12 16:59:28,529
INFO:user-adminuser: Loaded directory : /workspace/fileshark/users/adminuser/systemfiles : Date: 2024-04-12 16:59:28,529
INFO:user-adminuser: Loaded directory : /workspace/fileshark/users/adminuser/systemfiles : Date: 2024-04-12 16:59:28,529
INFO:user-adminuser: Loaded directory : /workspace/fileshark/users/adminuser/systemfiles : Date: 2024-04-12 16:59:28,529
INFO:user-adminuser: Loaded directory : /workspace/fileshark/users/adminuser/systemfiles : Date: 2024-04-12 16:59:28,529
INFO:user-adminuser: Loaded directory : /workspace/fileshark/users/adminuser/systemfiles : Date: 2024-04-12 16:59:28,529
INFO:user-adminuser: Loaded directory : /workspace/fileshark/users/adminuser/systemfiles : Date: 2024-04-12 16:59:28,529
INFO:user-adminuser: Loaded directory : /workspace/fileshark/users/adminuser/systemfiles : Date: 2024-04-12 16:59:28,529
INFO:user-adminuser: Loaded directory : /workspace/fileshark/users/adminuser/systemfiles : Date: 2024-04-12 16:59:28,529
INFO:user-adminuser: Loaded directory : /workspace/fileshark/users/adminuser/systemfiles : Date: 2024-04-12 16:59:28,529
INFO:user-adminuser: Loaded directory : /workspace/fileshark/users/adminuser/systemfiles : Date: 2024-04-12 16:59:28,529
INFO:user-adminuser: Loaded directory : /workspace/fileshark/users/adminuser/systemfiles : Date: 2024-04-12 16:59:28,529
INFO:user-adminuser: Loaded directory : /workspace/fileshark/users/adminuser/systemfiles : Date: 2024-04-12 16:59:28,529
INFO:user-adminuser: Loaded directory : /workspace/fileshark/users/adminuser/systemfiles : Date: 2024-04-12 16:59:28,529
INFO:user-adminuser: Loaded directory : /workspace/fileshark/users/adminuser/systemfiles : Date: 2024-04-12 16:59:28,529
INFO:user-adminuser: Loaded directory : /workspace/fileshark/users/adminuser/systemfiles : Date: 2024-04-12 16:59:28,529
INFO:user-adminuser: Loaded directory : /workspace/fileshark/users/adminuser/systemfiles : Date: 2024-04-12 16:59:28,529
INFO:user-adminuser: Loaded directory : /workspace/fileshark/users/adminuser/systemfiles : Date: 2024-04-12 16:59:28,529
INFO:user-adminuser: Loaded directory : /workspace/fileshark/users/adminuser/systemfiles : Date: 2024-04-12 16:59:28,529
INFO:user-adminuser: Loaded directory : /workspace/fileshark/users/adminuser/systemfiles : Date: 2024-04-12 17:01:18,735
INFO:user-adminuser: Loaded directory : /workspace/fileshark/users/adminuser/systemfiles : Date: 2024-04-12 17:01:18,735
INFO:user-adminuser: Loaded directory : /workspace/fileshark/users/adminuser/systemfiles : Date: 2024-04-12 17:01:18,735
INFO:user-adminuser: Loaded directory : /workspace/fileshark/users/adminuser/systemfiles : Date: 2024-04-12 17:01:18,735
INFO:user-adminuser: Loaded directory : /workspace/fileshark/users/adminuser/systemfiles : Date: 2024-04-12 17:01:18,735
INFO:user-adminuser: Loaded directory : /workspace/fileshark/users/adminuser/systemfiles : Date: 2024-04-12 17:01:18,735
INFO:user-adminuser: Loaded directory : /workspace/fileshark/users/adminuser/systemfiles : Date: 2024-04-12 17:01:18,735
INFO:user-adminuser: Loaded directory : /workspace/fileshark/users/adminuser/systemfiles : Date: 2024-04-12 17:01:18,735
INFO:user-adminuser: Loaded directory : /workspace/fileshark/users/adminuser/systemfiles : Date: 2024-04-12 17:01:18,735
INFO:user-adminuser: Loaded directory : /workspace/fileshark/users/adminuser/systemfiles : Date: 2024-04-12 17:01:18,735
INFO:user-adminuser: Loaded directory : /workspace/fileshark/users/adminuser/systemfiles : Date: 2024-04-12 17:01:18,735
INFO:user-adminuser: Loaded directory : /workspace/fileshark/users/adminuser/systemfiles : Date: 2024-04-12 17:01:18,735
INFO:user-adminuser: Loaded directory : /workspace/fileshark/users/adminuser/systemfiles : Date: 2024-04-12 17:01:18,735
INFO:user-adminuser: Loaded directory : /workspace/fileshark/users/adminuser/systemfiles : Date: 2024-04-12 17:01:18,735
INFO:user-adminuser: Loaded directory : /workspace/fileshark/users/adminuser/systemfiles : Date: 2024-04-12 17:01:18,735
INFO:user-adminuser: Loaded directory : /workspace/fileshark/users/adminuser/systemfiles : Date: 2024-04-12 17:01:18,735
INFO:user-adminuser: Loaded directory : /workspace/fileshark/users/adminuser/systemfiles : Date: 2024-04-12 17:01:18,735
INFO:user-adminuser: Loaded directory : /workspace/fileshark/users/adminuser/systemfiles : Date: 2024-04-12 17:01:18,735
INFO:user-adminuser: Loaded directory : /workspace/fileshark/users/adminuser/systemfiles : Date: 2024-04-12 17:01:18,735
INFO:user-adminuser: Loaded directory : /workspace/fileshark/users/adminuser/systemfiles : Date: 2024-04-12 17:01:18,735
INFO:user-adminuser: Loaded directory : /workspace/fileshark/users/adminuser/systemfiles : Date: 2024-04-12 17:01:18,735
INFO:user-adminuser: Loaded directory : /workspace/fileshark/users/adminuser/systemfiles : Date: 2024-04-12 17:01:18,735
INFO:user-adminuser: Loaded directory : /workspace/fileshark/users/adminuser/systemfiles : Date: 2024-04-12 17:01:50,153
INFO:user-adminuser: Loaded directory : /workspace/fileshark/users/adminuser/systemfiles : Date: 2024-04-12 17:01:50,153
INFO:user-adminuser: Loaded directory : /workspace/fileshark/users/adminuser/systemfiles : Date: 2024-04-12 17:01:50,153
INFO:user-adminuser: Loaded directory : /workspace/fileshark/users/adminuser/systemfiles : Date: 2024-04-12 17:01:50,153
INFO:user-adminuser: Loaded directory : /workspace/fileshark/users/adminuser/systemfiles : Date: 2024-04-12 17:01:50,153
INFO:user-adminuser: Loaded directory : /workspace/fileshark/users/adminuser/systemfiles : Date: 2024-04-12 17:01:50,153
INFO:user-adminuser: Loaded directory : /workspace/fileshark/users/adminuser/systemfiles : Date: 2024-04-12 17:01:50,153
INFO:user-adminuser: Loaded directory : /workspace/fileshark/users/adminuser/systemfiles : Date: 2024-04-12 17:01:50,153
INFO:user-adminuser: Loaded directory : /workspace/fileshark/users/adminuser/systemfiles : Date: 2024-04-12 17:01:50,153
INFO:user-adminuser: Loaded directory : /workspace/fileshark/users/adminuser/systemfiles : Date: 2024-04-12 17:01:50,153
INFO:user-adminuser: Loaded directory : /workspace/fileshark/users/adminuser/systemfiles : Date: 2024-04-12 17:01:50,153
INFO:user-adminuser: Loaded directory : /workspace/fileshark/users/adminuser/systemfiles : Date: 2024-04-12 17:01:50,153
INFO:user-adminuser: Loaded directory : /workspace/fileshark/users/adminuser/systemfiles : Date: 2024-04-12 17:01:50,153
INFO:user-adminuser: Loaded directory : /workspace/fileshark/users/adminuser/systemfiles : Date: 2024-04-12 17:01:50,153
INFO:user-adminuser: Loaded directory : /workspace/fileshark/users/adminuser/systemfiles : Date: 2024-04-12 17:01:50,153
INFO:user-adminuser: Loaded directory : /workspace/fileshark/users/adminuser/systemfiles : Date: 2024-04-12 17:01:50,153
INFO:user-adminuser: Loaded directory : /workspace/fileshark/users/adminuser/systemfiles : Date: 2024-04-12 17:01:50,153
INFO:user-adminuser: Loaded directory : /workspace/fileshark/users/adminuser/systemfiles : Date: 2024-04-12 17:01:50,153
INFO:user-adminuser: Loaded directory : /workspace/fileshark/users/adminuser/systemfiles : Date: 2024-04-12 17:01:50,153
INFO:user-adminuser: Loaded directory : /workspace/fileshark/users/adminuser/systemfiles : Date: 2024-04-12 17:01:50,153
INFO:user-adminuser: Loaded directory : /workspace/fileshark/users/adminuser/systemfiles : Date: 2024-04-12 17:01:50,153
INFO:user-adminuser: Loaded directory : /workspace/fileshark/users/adminuser/systemfiles : Date: 2024-04-12 17:01:50,153
INFO:user-adminuser: Loaded directory : /workspace/fileshark/users/adminuser/systemfiles : Date: 2024-04-12 17:01:50,153
INFO:user-adminuser: Loaded directory : /workspace/fileshark/users/adminuser : Date: 2024-04-12 17:02:18,502
INFO:user-adminuser: Loaded directory : /workspace/fileshark/users/adminuser : Date: 2024-04-12 17:02:18,502
INFO:user-adminuser: Loaded directory : /workspace/fileshark/users/adminuser : Date: 2024-04-12 17:02:18,502
INFO:user-adminuser: Loaded directory : /workspace/fileshark/users/adminuser : Date: 2024-04-12 17:02:18,502
INFO:user-adminuser: Loaded directory : /workspace/fileshark/users/adminuser : Date: 2024-04-12 17:02:18,502
INFO:user-adminuser: Loaded directory : /workspace/fileshark/users/adminuser : Date: 2024-04-12 17:02:18,502
INFO:user-adminuser: Loaded directory : /workspace/fileshark/users/adminuser : Date: 2024-04-12 17:02:18,502
INFO:user-adminuser: Loaded directory : /workspace/fileshark/users/adminuser : Date: 2024-04-12 17:02:18,502
INFO:user-adminuser: Loaded directory : /workspace/fileshark/users/adminuser : Date: 2024-04-12 17:02:18,502
INFO:user-adminuser: Loaded directory : /workspace/fileshark/users/adminuser : Date: 2024-04-12 17:02:18,502
INFO:user-adminuser: Loaded directory : /workspace/fileshark/users/adminuser : Date: 2024-04-12 17:02:18,502
INFO:user-adminuser: Loaded directory : /workspace/fileshark/users/adminuser : Date: 2024-04-12 17:02:18,502
INFO:user-adminuser: Loaded directory : /workspace/fileshark/users/adminuser : Date: 2024-04-12 17:02:18,502
INFO:user-adminuser: Loaded directory : /workspace/fileshark/users/adminuser : Date: 2024-04-12 17:02:18,502
INFO:user-adminuser: Loaded directory : /workspace/fileshark/users/adminuser : Date: 2024-04-12 17:02:18,502
INFO:user-adminuser: Loaded directory : /workspace/fileshark/users/adminuser : Date: 2024-04-12 17:02:18,502
INFO:user-adminuser: Loaded directory : /workspace/fileshark/users/adminuser : Date: 2024-04-12 17:02:18,502
INFO:user-adminuser: Loaded directory : /workspace/fileshark/users/adminuser : Date: 2024-04-12 17:02:18,502
INFO:user-adminuser: Loaded directory : /workspace/fileshark/users/adminuser : Date: 2024-04-12 17:02:18,502
INFO:user-adminuser: Loaded directory : /workspace/fileshark/users/adminuser : Date: 2024-04-12 17:02:18,502
INFO:user-adminuser: Loaded directory : /workspace/fileshark/users/adminuser : Date: 2024-04-12 17:02:18,502
INFO:user-adminuser: Loaded directory : /workspace/fileshark/users/adminuser : Date: 2024-04-12 17:02:18,502
INFO:user-adminuser: Loaded directory : /workspace/fileshark/users/adminuser : Date: 2024-04-12 17:02:18,502
INFO:user-adminuser: Loaded directory : /workspace/fileshark/users/adminuser : Date: 2024-04-12 17:02:18,502
INFO:user-adminuser: Loaded directory : /workspace/fileshark/users : Date: 2024-04-12 17:02:19,199
INFO:user-adminuser: Loaded directory : /workspace/fileshark/users : Date: 2024-04-12 17:02:19,199
INFO:user-adminuser: Loaded directory : /workspace/fileshark/users : Date: 2024-04-12 17:02:19,199
INFO:user-adminuser: Loaded directory : /workspace/fileshark/users : Date: 2024-04-12 17:02:19,199
INFO:user-adminuser: Loaded directory : /workspace/fileshark/users : Date: 2024-04-12 17:02:19,199
INFO:user-adminuser: Loaded directory : /workspace/fileshark/users : Date: 2024-04-12 17:02:19,199
INFO:user-adminuser: Loaded directory : /workspace/fileshark/users : Date: 2024-04-12 17:02:19,199
INFO:user-adminuser: Loaded directory : /workspace/fileshark/users : Date: 2024-04-12 17:02:19,199
INFO:user-adminuser: Loaded directory : /workspace/fileshark/users : Date: 2024-04-12 17:02:19,199
INFO:user-adminuser: Loaded directory : /workspace/fileshark/users : Date: 2024-04-12 17:02:19,199
INFO:user-adminuser: Loaded directory : /workspace/fileshark/users : Date: 2024-04-12 17:02:19,199
INFO:user-adminuser: Loaded directory : /workspace/fileshark/users : Date: 2024-04-12 17:02:19,199
INFO:user-adminuser: Loaded directory : /workspace/fileshark/users : Date: 2024-04-12 17:02:19,199
INFO:user-adminuser: Loaded directory : /workspace/fileshark/users : Date: 2024-04-12 17:02:19,199
INFO:user-adminuser: Loaded directory : /workspace/fileshark/users : Date: 2024-04-12 17:02:19,199
INFO:user-adminuser: Loaded directory : /workspace/fileshark/users : Date: 2024-04-12 17:02:19,199
INFO:user-adminuser: Loaded directory : /workspace/fileshark/users : Date: 2024-04-12 17:02:19,199
INFO:user-adminuser: Loaded directory : /workspace/fileshark/users : Date: 2024-04-12 17:02:19,199
INFO:user-adminuser: Loaded directory : /workspace/fileshark/users : Date: 2024-04-12 17:02:19,199
INFO:user-adminuser: Loaded directory : /workspace/fileshark/users : Date: 2024-04-12 17:02:19,199
INFO:user-adminuser: Loaded directory : /workspace/fileshark/users : Date: 2024-04-12 17:02:19,199
INFO:user-adminuser: Loaded directory : /workspace/fileshark/users : Date: 2024-04-12 17:02:19,199
INFO:user-adminuser: Loaded directory : /workspace/fileshark/users : Date: 2024-04-12 17:02:19,199
INFO:user-adminuser: Loaded directory : /workspace/fileshark/users : Date: 2024-04-12 17:02:19,199
INFO:user-adminuser: Loaded directory : /workspace/fileshark/users : Date: 2024-04-12 17:02:19,199
INFO:user-adminuser: Loaded directory : /workspace/fileshark : Date: 2024-04-12 17:02:20,250
INFO:user-adminuser: Loaded directory : /workspace/fileshark : Date: 2024-04-12 17:02:20,250
INFO:user-adminuser: Loaded directory : /workspace/fileshark : Date: 2024-04-12 17:02:20,250
INFO:user-adminuser: Loaded directory : /workspace/fileshark : Date: 2024-04-12 17:02:20,250
INFO:user-adminuser: Loaded directory : /workspace/fileshark : Date: 2024-04-12 17:02:20,250
INFO:user-adminuser: Loaded directory : /workspace/fileshark : Date: 2024-04-12 17:02:20,250
INFO:user-adminuser: Loaded directory : /workspace/fileshark : Date: 2024-04-12 17:02:20,250
INFO:user-adminuser: Loaded directory : /workspace/fileshark : Date: 2024-04-12 17:02:20,250
INFO:user-adminuser: Loaded directory : /workspace/fileshark : Date: 2024-04-12 17:02:20,250
INFO:user-adminuser: Loaded directory : /workspace/fileshark : Date: 2024-04-12 17:02:20,250
INFO:user-adminuser: Loaded directory : /workspace/fileshark : Date: 2024-04-12 17:02:20,250
INFO:user-adminuser: Loaded directory : /workspace/fileshark : Date: 2024-04-12 17:02:20,250
INFO:user-adminuser: Loaded directory : /workspace/fileshark : Date: 2024-04-12 17:02:20,250
INFO:user-adminuser: Loaded directory : /workspace/fileshark : Date: 2024-04-12 17:02:20,250
INFO:user-adminuser: Loaded directory : /workspace/fileshark : Date: 2024-04-12 17:02:20,250
INFO:user-adminuser: Loaded directory : /workspace/fileshark : Date: 2024-04-12 17:02:20,250
INFO:user-adminuser: Loaded directory : /workspace/fileshark : Date: 2024-04-12 17:02:20,250
INFO:user-adminuser: Loaded directory : /workspace/fileshark : Date: 2024-04-12 17:02:20,250
INFO:user-adminuser: Loaded directory : /workspace/fileshark : Date: 2024-04-12 17:02:20,250
INFO:user-adminuser: Loaded directory : /workspace/fileshark : Date: 2024-04-12 17:02:20,250
INFO:user-adminuser: Loaded directory : /workspace/fileshark : Date: 2024-04-12 17:02:20,250
INFO:user-adminuser: Loaded directory : /workspace/fileshark : Date: 2024-04-12 17:02:20,250
INFO:user-adminuser: Loaded directory : /workspace/fileshark : Date: 2024-04-12 17:02:20,250
INFO:user-adminuser: Loaded directory : /workspace/fileshark : Date: 2024-04-12 17:02:20,250
INFO:user-adminuser: Loaded directory : /workspace/fileshark : Date: 2024-04-12 17:02:20,250
INFO:user-adminuser: Loaded directory : /workspace/fileshark : Date: 2024-04-12 17:02:20,250
INFO:user-adminuser: Loaded directory : /workspace/fileshark/static : Date: 2024-04-12 17:02:23,719
INFO:user-adminuser: Loaded directory : /workspace/fileshark/static : Date: 2024-04-12 17:02:23,719
INFO:user-adminuser: Loaded directory : /workspace/fileshark/static : Date: 2024-04-12 17:02:23,719
INFO:user-adminuser: Loaded directory : /workspace/fileshark/static : Date: 2024-04-12 17:02:23,719
INFO:user-adminuser: Loaded directory : /workspace/fileshark/static : Date: 2024-04-12 17:02:23,719
INFO:user-adminuser: Loaded directory : /workspace/fileshark/static : Date: 2024-04-12 17:02:23,719
INFO:user-adminuser: Loaded directory : /workspace/fileshark/static : Date: 2024-04-12 17:02:23,719
INFO:user-adminuser: Loaded directory : /workspace/fileshark/static : Date: 2024-04-12 17:02:23,719
INFO:user-adminuser: Loaded directory : /workspace/fileshark/static : Date: 2024-04-12 17:02:23,719
INFO:user-adminuser: Loaded directory : /workspace/fileshark/static : Date: 2024-04-12 17:02:23,719
INFO:user-adminuser: Loaded directory : /workspace/fileshark/static : Date: 2024-04-12 17:02:23,719
INFO:user-adminuser: Loaded directory : /workspace/fileshark/static : Date: 2024-04-12 17:02:23,719
INFO:user-adminuser: Loaded directory : /workspace/fileshark/static : Date: 2024-04-12 17:02:23,719
INFO:user-adminuser: Loaded directory : /workspace/fileshark/static : Date: 2024-04-12 17:02:23,719
INFO:user-adminuser: Loaded directory : /workspace/fileshark/static : Date: 2024-04-12 17:02:23,719
INFO:user-adminuser: Loaded directory : /workspace/fileshark/static : Date: 2024-04-12 17:02:23,719
INFO:user-adminuser: Loaded directory : /workspace/fileshark/static : Date: 2024-04-12 17:02:23,719
INFO:user-adminuser: Loaded directory : /workspace/fileshark/static : Date: 2024-04-12 17:02:23,719
INFO:user-adminuser: Loaded directory : /workspace/fileshark/static : Date: 2024-04-12 17:02:23,719
INFO:user-adminuser: Loaded directory : /workspace/fileshark/static : Date: 2024-04-12 17:02:23,719
INFO:user-adminuser: Loaded directory : /workspace/fileshark/static : Date: 2024-04-12 17:02:23,719
INFO:user-adminuser: Loaded directory : /workspace/fileshark/static : Date: 2024-04-12 17:02:23,719
INFO:user-adminuser: Loaded directory : /workspace/fileshark/static : Date: 2024-04-12 17:02:23,719
INFO:user-adminuser: Loaded directory : /workspace/fileshark/static : Date: 2024-04-12 17:02:23,719
INFO:user-adminuser: Loaded directory : /workspace/fileshark/static : Date: 2024-04-12 17:02:23,719
INFO:user-adminuser: Loaded directory : /workspace/fileshark/static : Date: 2024-04-12 17:02:23,719
INFO:user-adminuser: Loaded directory : /workspace/fileshark/static : Date: 2024-04-12 17:02:23,719
INFO:user-adminuser: Loaded directory : /workspace/fileshark/static/icon : Date: 2024-04-12 17:02:24,837
INFO:user-adminuser: Loaded directory : /workspace/fileshark/static/icon : Date: 2024-04-12 17:02:24,837
INFO:user-adminuser: Loaded directory : /workspace/fileshark/static/icon : Date: 2024-04-12 17:02:24,837
INFO:user-adminuser: Loaded directory : /workspace/fileshark/static/icon : Date: 2024-04-12 17:02:24,837
INFO:user-adminuser: Loaded directory : /workspace/fileshark/static/icon : Date: 2024-04-12 17:02:24,837
INFO:user-adminuser: Loaded directory : /workspace/fileshark/static/icon : Date: 2024-04-12 17:02:24,837
INFO:user-adminuser: Loaded directory : /workspace/fileshark/static/icon : Date: 2024-04-12 17:02:24,837
INFO:user-adminuser: Loaded directory : /workspace/fileshark/static/icon : Date: 2024-04-12 17:02:24,837
INFO:user-adminuser: Loaded directory : /workspace/fileshark/static/icon : Date: 2024-04-12 17:02:24,837
INFO:user-adminuser: Loaded directory : /workspace/fileshark/static/icon : Date: 2024-04-12 17:02:24,837
INFO:user-adminuser: Loaded directory : /workspace/fileshark/static/icon : Date: 2024-04-12 17:02:24,837
INFO:user-adminuser: Loaded directory : /workspace/fileshark/static/icon : Date: 2024-04-12 17:02:24,837
INFO:user-adminuser: Loaded directory : /workspace/fileshark/static/icon : Date: 2024-04-12 17:02:24,837
INFO:user-adminuser: Loaded directory : /workspace/fileshark/static/icon : Date: 2024-04-12 17:02:24,837
INFO:user-adminuser: Loaded directory : /workspace/fileshark/static/icon : Date: 2024-04-12 17:02:24,837
INFO:user-adminuser: Loaded directory : /workspace/fileshark/static/icon : Date: 2024-04-12 17:02:24,837
INFO:user-adminuser: Loaded directory : /workspace/fileshark/static/icon : Date: 2024-04-12 17:02:24,837
INFO:user-adminuser: Loaded directory : /workspace/fileshark/static/icon : Date: 2024-04-12 17:02:24,837
INFO:user-adminuser: Loaded directory : /workspace/fileshark/static/icon : Date: 2024-04-12 17:02:24,837
INFO:user-adminuser: Loaded directory : /workspace/fileshark/static/icon : Date: 2024-04-12 17:02:24,837
INFO:user-adminuser: Loaded directory : /workspace/fileshark/static/icon : Date: 2024-04-12 17:02:24,837
INFO:user-adminuser: Loaded directory : /workspace/fileshark/static/icon : Date: 2024-04-12 17:02:24,837
INFO:user-adminuser: Loaded directory : /workspace/fileshark/static/icon : Date: 2024-04-12 17:02:24,837
INFO:user-adminuser: Loaded directory : /workspace/fileshark/static/icon : Date: 2024-04-12 17:02:24,837
INFO:user-adminuser: Loaded directory : /workspace/fileshark/static/icon : Date: 2024-04-12 17:02:24,837
INFO:user-adminuser: Loaded directory : /workspace/fileshark/static/icon : Date: 2024-04-12 17:02:24,837
INFO:user-adminuser: Loaded directory : /workspace/fileshark/static/icon : Date: 2024-04-12 17:02:24,837
INFO:user-adminuser: Loaded directory : /workspace/fileshark/static/icon : Date: 2024-04-12 17:02:24,837
INFO:user-adminuser: Loaded directory : /workspace/fileshark/static/icon : Date: 2024-04-12 17:02:43,333
INFO:user-adminuser: Loaded directory : /workspace/fileshark/static/icon : Date: 2024-04-12 17:02:43,333
INFO:user-adminuser: Loaded directory : /workspace/fileshark/static/icon : Date: 2024-04-12 17:02:43,333
INFO:user-adminuser: Loaded directory : /workspace/fileshark/static/icon : Date: 2024-04-12 17:02:43,333
INFO:user-adminuser: Loaded directory : /workspace/fileshark/static/icon : Date: 2024-04-12 17:02:43,333
INFO:user-adminuser: Loaded directory : /workspace/fileshark/static/icon : Date: 2024-04-12 17:02:43,333
INFO:user-adminuser: Loaded directory : /workspace/fileshark/static/icon : Date: 2024-04-12 17:02:43,333
INFO:user-adminuser: Loaded directory : /workspace/fileshark/static/icon : Date: 2024-04-12 17:02:43,333
INFO:user-adminuser: Loaded directory : /workspace/fileshark/static/icon : Date: 2024-04-12 17:02:43,333
INFO:user-adminuser: Loaded directory : /workspace/fileshark/static/icon : Date: 2024-04-12 17:02:43,333
INFO:user-adminuser: Loaded directory : /workspace/fileshark/static/icon : Date: 2024-04-12 17:02:43,333
INFO:user-adminuser: Loaded directory : /workspace/fileshark/static/icon : Date: 2024-04-12 17:02:43,333
INFO:user-adminuser: Loaded directory : /workspace/fileshark/static/icon : Date: 2024-04-12 17:02:43,333
INFO:user-adminuser: Loaded directory : /workspace/fileshark/static/icon : Date: 2024-04-12 17:02:43,333
INFO:user-adminuser: Loaded directory : /workspace/fileshark/static/icon : Date: 2024-04-12 17:02:43,333
INFO:user-adminuser: Loaded directory : /workspace/fileshark/static/icon : Date: 2024-04-12 17:02:43,333
INFO:user-adminuser: Loaded directory : /workspace/fileshark/static/icon : Date: 2024-04-12 17:02:43,333
INFO:user-adminuser: Loaded directory : /workspace/fileshark/static/icon : Date: 2024-04-12 17:02:43,333
INFO:user-adminuser: Loaded directory : /workspace/fileshark/static/icon : Date: 2024-04-12 17:02:43,333
INFO:user-adminuser: Loaded directory : /workspace/fileshark/static/icon : Date: 2024-04-12 17:02:43,333
INFO:user-adminuser: Loaded directory : /workspace/fileshark/static/icon : Date: 2024-04-12 17:02:43,333
INFO:user-adminuser: Loaded directory : /workspace/fileshark/static/icon : Date: 2024-04-12 17:02:43,333
INFO:user-adminuser: Loaded directory : /workspace/fileshark/static/icon : Date: 2024-04-12 17:02:43,333
INFO:user-adminuser: Loaded directory : /workspace/fileshark/static/icon : Date: 2024-04-12 17:02:43,333
INFO:user-adminuser: Loaded directory : /workspace/fileshark/static/icon : Date: 2024-04-12 17:02:43,333
INFO:user-adminuser: Loaded directory : /workspace/fileshark/static/icon : Date: 2024-04-12 17:02:43,333
INFO:user-adminuser: Loaded directory : /workspace/fileshark/static/icon : Date: 2024-04-12 17:02:43,333
INFO:user-adminuser: Loaded directory : /workspace/fileshark/static/icon : Date: 2024-04-12 17:02:43,333
INFO:user-adminuser: Loaded directory : /workspace/fileshark/static/icon : Date: 2024-04-12 17:02:43,333
INFO:user-adminuser: Session expired for id : 1d4f8953-933a-4370-832d-7f20a848e9d4 : Date: 2024-04-12 19:40:03,024
INFO:user-adminuser: Session expired for id : 1d4f8953-933a-4370-832d-7f20a848e9d4 : Date: 2024-04-12 19:40:07,538
INFO:user-adminuser: Session expired for id : 1d4f8953-933a-4370-832d-7f20a848e9d4 : Date: 2024-04-12 19:40:07,538
INFO:user-adminuser: User login : Date: 2024-04-12 19:40:48,292
INFO:user-adminuser: User login : Date: 2024-04-12 19:40:48,292
INFO:user-adminuser: User login : Date: 2024-04-12 19:40:48,292
INFO:user-adminuser: Loaded directory : ./users/adminuser : Date: 2024-04-12 19:40:48,293
INFO:user-adminuser: Loaded directory : ./users/adminuser : Date: 2024-04-12 19:40:48,293
INFO:user-adminuser: Loaded directory : ./users/adminuser : Date: 2024-04-12 19:40:48,293
INFO:user-adminuser: Loaded directory : ./users/adminuser : Date: 2024-04-12 19:40:48,293
INFO:user-adminuser: User login : Date: 2024-04-12 19:41:12,442
INFO:user-adminuser: User login : Date: 2024-04-12 19:41:12,442
INFO:user-adminuser: User login : Date: 2024-04-12 19:41:12,442
INFO:user-adminuser: User login : Date: 2024-04-12 19:41:12,442
INFO:user-adminuser: User login : Date: 2024-04-12 19:41:12,442
INFO:user-adminuser: Loaded directory : ./users/adminuser : Date: 2024-04-12 19:41:12,444
INFO:user-adminuser: Loaded directory : ./users/adminuser : Date: 2024-04-12 19:41:12,444
INFO:user-adminuser: Loaded directory : ./users/adminuser : Date: 2024-04-12 19:41:12,444
INFO:user-adminuser: Loaded directory : ./users/adminuser : Date: 2024-04-12 19:41:12,444
INFO:user-adminuser: Loaded directory : ./users/adminuser : Date: 2024-04-12 19:41:12,444
INFO:user-adminuser: Loaded directory : ./users/adminuser : Date: 2024-04-12 19:41:12,444
INFO:user-adminuser: Loaded directory : /workspace/fileshark/users/adminuser/systemfiles : Date: 2024-04-12 19:41:13,991
INFO:user-adminuser: Loaded directory : /workspace/fileshark/users/adminuser/systemfiles : Date: 2024-04-12 19:41:13,991
INFO:user-adminuser: Loaded directory : /workspace/fileshark/users/adminuser/systemfiles : Date: 2024-04-12 19:41:13,991
INFO:user-adminuser: Loaded directory : /workspace/fileshark/users/adminuser/systemfiles : Date: 2024-04-12 19:41:13,991
INFO:user-adminuser: Loaded directory : /workspace/fileshark/users/adminuser/systemfiles : Date: 2024-04-12 19:41:13,991
INFO:user-adminuser: Loaded directory : /workspace/fileshark/users/adminuser/systemfiles : Date: 2024-04-12 19:41:13,991
INFO:user-adminuser: Loaded directory : /workspace/fileshark/users/adminuser/systemfiles : Date: 2024-04-12 19:41:13,991
INFO:user-adminuser: Loaded directory : /workspace/fileshark/users/adminuser : Date: 2024-04-12 19:41:15,378
INFO:user-adminuser: Loaded directory : /workspace/fileshark/users/adminuser : Date: 2024-04-12 19:41:15,378
INFO:user-adminuser: Loaded directory : /workspace/fileshark/users/adminuser : Date: 2024-04-12 19:41:15,378
INFO:user-adminuser: Loaded directory : /workspace/fileshark/users/adminuser : Date: 2024-04-12 19:41:15,378
INFO:user-adminuser: Loaded directory : /workspace/fileshark/users/adminuser : Date: 2024-04-12 19:41:15,378
INFO:user-adminuser: Loaded directory : /workspace/fileshark/users/adminuser : Date: 2024-04-12 19:41:15,378
INFO:user-adminuser: Loaded directory : /workspace/fileshark/users/adminuser : Date: 2024-04-12 19:41:15,378
INFO:user-adminuser: Loaded directory : /workspace/fileshark/users/adminuser : Date: 2024-04-12 19:41:15,378
INFO:user-adminuser: Loaded directory : /workspace/fileshark/users/adminuser : Date: 2024-04-12 19:41:26,431
INFO:user-adminuser: Loaded directory : /workspace/fileshark/users/adminuser : Date: 2024-04-12 19:41:26,431
INFO:user-adminuser: Loaded directory : /workspace/fileshark/users/adminuser : Date: 2024-04-12 19:41:26,431
INFO:user-adminuser: Loaded directory : /workspace/fileshark/users/adminuser : Date: 2024-04-12 19:41:26,431
INFO:user-adminuser: Loaded directory : /workspace/fileshark/users/adminuser : Date: 2024-04-12 19:41:26,431
INFO:user-adminuser: Loaded directory : /workspace/fileshark/users/adminuser : Date: 2024-04-12 19:41:26,431
INFO:user-adminuser: Loaded directory : /workspace/fileshark/users/adminuser : Date: 2024-04-12 19:41:26,431
INFO:user-adminuser: Loaded directory : /workspace/fileshark/users/adminuser : Date: 2024-04-12 19:41:26,431
INFO:user-adminuser: Loaded directory : /workspace/fileshark/users/adminuser : Date: 2024-04-12 19:41:26,431
INFO:user-adminuser: Loaded directory : /workspace/fileshark/users : Date: 2024-04-12 19:41:32,633
INFO:user-adminuser: Loaded directory : /workspace/fileshark/users : Date: 2024-04-12 19:41:32,633
INFO:user-adminuser: Loaded directory : /workspace/fileshark/users : Date: 2024-04-12 19:41:32,633
INFO:user-adminuser: Loaded directory : /workspace/fileshark/users : Date: 2024-04-12 19:41:32,633
INFO:user-adminuser: Loaded directory : /workspace/fileshark/users : Date: 2024-04-12 19:41:32,633
INFO:user-adminuser: Loaded directory : /workspace/fileshark/users : Date: 2024-04-12 19:41:32,633
INFO:user-adminuser: Loaded directory : /workspace/fileshark/users : Date: 2024-04-12 19:41:32,633
INFO:user-adminuser: Loaded directory : /workspace/fileshark/users : Date: 2024-04-12 19:41:32,633
INFO:user-adminuser: Loaded directory : /workspace/fileshark/users : Date: 2024-04-12 19:41:32,633
INFO:user-adminuser: Loaded directory : /workspace/fileshark/users : Date: 2024-04-12 19:41:32,633
INFO:user-adminuser: Loaded directory : /workspace/fileshark/users/adminuser : Date: 2024-04-12 19:41:35,699
INFO:user-adminuser: Loaded directory : /workspace/fileshark/users/adminuser : Date: 2024-04-12 19:41:35,699
INFO:user-adminuser: Loaded directory : /workspace/fileshark/users/adminuser : Date: 2024-04-12 19:41:35,699
INFO:user-adminuser: Loaded directory : /workspace/fileshark/users/adminuser : Date: 2024-04-12 19:41:35,699
INFO:user-adminuser: Loaded directory : /workspace/fileshark/users/adminuser : Date: 2024-04-12 19:41:35,699
INFO:user-adminuser: Loaded directory : /workspace/fileshark/users/adminuser : Date: 2024-04-12 19:41:35,699
INFO:user-adminuser: Loaded directory : /workspace/fileshark/users/adminuser : Date: 2024-04-12 19:41:35,699
INFO:user-adminuser: Loaded directory : /workspace/fileshark/users/adminuser : Date: 2024-04-12 19:41:35,699
INFO:user-adminuser: Loaded directory : /workspace/fileshark/users/adminuser : Date: 2024-04-12 19:41:35,699
INFO:user-adminuser: Loaded directory : /workspace/fileshark/users/adminuser : Date: 2024-04-12 19:41:35,699
INFO:user-adminuser: Loaded directory : /workspace/fileshark/users/adminuser : Date: 2024-04-12 19:41:35,699
INFO:user-adminuser: Loaded directory : /workspace/fileshark/users/adminuser : Date: 2024-04-12 19:42:17,448
INFO:user-adminuser: Loaded directory : /workspace/fileshark/users/adminuser : Date: 2024-04-12 19:42:17,448
INFO:user-adminuser: Loaded directory : /workspace/fileshark/users/adminuser : Date: 2024-04-12 19:42:17,448
INFO:user-adminuser: Loaded directory : /workspace/fileshark/users/adminuser : Date: 2024-04-12 19:42:17,448
INFO:user-adminuser: Loaded directory : /workspace/fileshark/users/adminuser : Date: 2024-04-12 19:42:17,448
INFO:user-adminuser: Loaded directory : /workspace/fileshark/users/adminuser : Date: 2024-04-12 19:42:17,448
INFO:user-adminuser: Loaded directory : /workspace/fileshark/users/adminuser : Date: 2024-04-12 19:42:17,448
INFO:user-adminuser: Loaded directory : /workspace/fileshark/users/adminuser : Date: 2024-04-12 19:42:17,448
INFO:user-adminuser: Loaded directory : /workspace/fileshark/users/adminuser : Date: 2024-04-12 19:42:17,448
INFO:user-adminuser: Loaded directory : /workspace/fileshark/users/adminuser : Date: 2024-04-12 19:42:17,448
INFO:user-adminuser: Loaded directory : /workspace/fileshark/users/adminuser : Date: 2024-04-12 19:42:17,448
INFO:user-adminuser: Loaded directory : /workspace/fileshark/users/adminuser : Date: 2024-04-12 19:42:17,448
INFO:user-adminuser: Loaded directory : /workspace/fileshark/users/adminuser : Date: 2024-04-12 19:42:47,415
INFO:user-adminuser: Loaded directory : /workspace/fileshark/users/adminuser : Date: 2024-04-12 19:42:47,415
INFO:user-adminuser: Loaded directory : /workspace/fileshark/users/adminuser : Date: 2024-04-12 19:42:47,415
INFO:user-adminuser: Loaded directory : /workspace/fileshark/users/adminuser : Date: 2024-04-12 19:42:47,415
INFO:user-adminuser: Loaded directory : /workspace/fileshark/users/adminuser : Date: 2024-04-12 19:42:47,415
INFO:user-adminuser: Loaded directory : /workspace/fileshark/users/adminuser : Date: 2024-04-12 19:42:47,415
INFO:user-adminuser: Loaded directory : /workspace/fileshark/users/adminuser : Date: 2024-04-12 19:42:47,415
INFO:user-adminuser: Loaded directory : /workspace/fileshark/users/adminuser : Date: 2024-04-12 19:42:47,415
INFO:user-adminuser: Loaded directory : /workspace/fileshark/users/adminuser : Date: 2024-04-12 19:42:47,415
INFO:user-adminuser: Loaded directory : /workspace/fileshark/users/adminuser : Date: 2024-04-12 19:42:47,415
INFO:user-adminuser: Loaded directory : /workspace/fileshark/users/adminuser : Date: 2024-04-12 19:42:47,415
INFO:user-adminuser: Loaded directory : /workspace/fileshark/users/adminuser : Date: 2024-04-12 19:42:47,415
INFO:user-adminuser: Loaded directory : /workspace/fileshark/users/adminuser : Date: 2024-04-12 19:42:47,415
INFO:user-adminuser: Loaded directory : /workspace/fileshark/users/adminuser : Date: 2024-04-12 19:43:43,775
INFO:user-adminuser: Loaded directory : /workspace/fileshark/users/adminuser : Date: 2024-04-12 19:43:43,775
INFO:user-adminuser: Loaded directory : /workspace/fileshark/users/adminuser : Date: 2024-04-12 19:43:43,775
INFO:user-adminuser: Loaded directory : /workspace/fileshark/users/adminuser : Date: 2024-04-12 19:43:43,775
INFO:user-adminuser: Loaded directory : /workspace/fileshark/users/adminuser : Date: 2024-04-12 19:43:43,775
INFO:user-adminuser: Loaded directory : /workspace/fileshark/users/adminuser : Date: 2024-04-12 19:43:43,775
INFO:user-adminuser: Loaded directory : /workspace/fileshark/users/adminuser : Date: 2024-04-12 19:43:43,775
INFO:user-adminuser: Loaded directory : /workspace/fileshark/users/adminuser : Date: 2024-04-12 19:43:43,775
INFO:user-adminuser: Loaded directory : /workspace/fileshark/users/adminuser : Date: 2024-04-12 19:43:43,775
INFO:user-adminuser: Loaded directory : /workspace/fileshark/users/adminuser : Date: 2024-04-12 19:43:43,775
INFO:user-adminuser: Loaded directory : /workspace/fileshark/users/adminuser : Date: 2024-04-12 19:43:43,775
INFO:user-adminuser: Loaded directory : /workspace/fileshark/users/adminuser : Date: 2024-04-12 19:43:43,775
INFO:user-adminuser: Loaded directory : /workspace/fileshark/users/adminuser : Date: 2024-04-12 19:43:43,775
INFO:user-adminuser: Loaded directory : /workspace/fileshark/users/adminuser : Date: 2024-04-12 19:43:43,775
INFO:user-adminuser: Loaded directory : /workspace/fileshark/users/adminuser : Date: 2024-04-12 19:43:55,924
INFO:user-adminuser: Loaded directory : /workspace/fileshark/users/adminuser : Date: 2024-04-12 19:43:55,924
INFO:user-adminuser: Loaded directory : /workspace/fileshark/users/adminuser : Date: 2024-04-12 19:43:55,924
INFO:user-adminuser: Loaded directory : /workspace/fileshark/users/adminuser : Date: 2024-04-12 19:43:55,924
INFO:user-adminuser: Loaded directory : /workspace/fileshark/users/adminuser : Date: 2024-04-12 19:43:55,924
INFO:user-adminuser: Loaded directory : /workspace/fileshark/users/adminuser : Date: 2024-04-12 19:43:55,924
INFO:user-adminuser: Loaded directory : /workspace/fileshark/users/adminuser : Date: 2024-04-12 19:43:55,924
INFO:user-adminuser: Loaded directory : /workspace/fileshark/users/adminuser : Date: 2024-04-12 19:43:55,924
INFO:user-adminuser: Loaded directory : /workspace/fileshark/users/adminuser : Date: 2024-04-12 19:43:55,924
INFO:user-adminuser: Loaded directory : /workspace/fileshark/users/adminuser : Date: 2024-04-12 19:43:55,924
INFO:user-adminuser: Loaded directory : /workspace/fileshark/users/adminuser : Date: 2024-04-12 19:43:55,924
INFO:user-adminuser: Loaded directory : /workspace/fileshark/users/adminuser : Date: 2024-04-12 19:43:55,924
INFO:user-adminuser: Loaded directory : /workspace/fileshark/users/adminuser : Date: 2024-04-12 19:43:55,924
INFO:user-adminuser: Loaded directory : /workspace/fileshark/users/adminuser : Date: 2024-04-12 19:43:55,924
INFO:user-adminuser: Loaded directory : /workspace/fileshark/users/adminuser : Date: 2024-04-12 19:43:55,924
INFO:user-adminuser: Loaded directory : /workspace/fileshark/users/adminuser : Date: 2024-04-12 19:44:58,147
INFO:user-adminuser: Loaded directory : /workspace/fileshark/users/adminuser : Date: 2024-04-12 19:44:58,147
INFO:user-adminuser: Loaded directory : /workspace/fileshark/users/adminuser : Date: 2024-04-12 19:44:58,147
INFO:user-adminuser: Loaded directory : /workspace/fileshark/users/adminuser : Date: 2024-04-12 19:44:58,147
INFO:user-adminuser: Loaded directory : /workspace/fileshark/users/adminuser : Date: 2024-04-12 19:44:58,147
INFO:user-adminuser: Loaded directory : /workspace/fileshark/users/adminuser : Date: 2024-04-12 19:44:58,147
INFO:user-adminuser: Loaded directory : /workspace/fileshark/users/adminuser : Date: 2024-04-12 19:44:58,147
INFO:user-adminuser: Loaded directory : /workspace/fileshark/users/adminuser : Date: 2024-04-12 19:44:58,147
INFO:user-adminuser: Loaded directory : /workspace/fileshark/users/adminuser : Date: 2024-04-12 19:44:58,147
INFO:user-adminuser: Loaded directory : /workspace/fileshark/users/adminuser : Date: 2024-04-12 19:44:58,147
INFO:user-adminuser: Loaded directory : /workspace/fileshark/users/adminuser : Date: 2024-04-12 19:44:58,147
INFO:user-adminuser: Loaded directory : /workspace/fileshark/users/adminuser : Date: 2024-04-12 19:44:58,147
INFO:user-adminuser: Loaded directory : /workspace/fileshark/users/adminuser : Date: 2024-04-12 19:44:58,147
INFO:user-adminuser: Loaded directory : /workspace/fileshark/users/adminuser : Date: 2024-04-12 19:44:58,147
INFO:user-adminuser: Loaded directory : /workspace/fileshark/users/adminuser : Date: 2024-04-12 19:44:58,147
INFO:user-adminuser: Loaded directory : /workspace/fileshark/users/adminuser : Date: 2024-04-12 19:44:58,147
INFO:user-adminuser: Loaded directory : /workspace/fileshark/users/adminuser : Date: 2024-04-12 19:45:04,902
INFO:user-adminuser: Loaded directory : /workspace/fileshark/users/adminuser : Date: 2024-04-12 19:45:04,902
INFO:user-adminuser: Loaded directory : /workspace/fileshark/users/adminuser : Date: 2024-04-12 19:45:04,902
INFO:user-adminuser: Loaded directory : /workspace/fileshark/users/adminuser : Date: 2024-04-12 19:45:04,902
INFO:user-adminuser: Loaded directory : /workspace/fileshark/users/adminuser : Date: 2024-04-12 19:45:04,902
INFO:user-adminuser: Loaded directory : /workspace/fileshark/users/adminuser : Date: 2024-04-12 19:45:04,902
INFO:user-adminuser: Loaded directory : /workspace/fileshark/users/adminuser : Date: 2024-04-12 19:45:04,902
INFO:user-adminuser: Loaded directory : /workspace/fileshark/users/adminuser : Date: 2024-04-12 19:45:04,902
INFO:user-adminuser: Loaded directory : /workspace/fileshark/users/adminuser : Date: 2024-04-12 19:45:04,902
INFO:user-adminuser: Loaded directory : /workspace/fileshark/users/adminuser : Date: 2024-04-12 19:45:04,902
INFO:user-adminuser: Loaded directory : /workspace/fileshark/users/adminuser : Date: 2024-04-12 19:45:04,902
INFO:user-adminuser: Loaded directory : /workspace/fileshark/users/adminuser : Date: 2024-04-12 19:45:04,902
INFO:user-adminuser: Loaded directory : /workspace/fileshark/users/adminuser : Date: 2024-04-12 19:45:04,902
INFO:user-adminuser: Loaded directory : /workspace/fileshark/users/adminuser : Date: 2024-04-12 19:45:04,902
INFO:user-adminuser: Loaded directory : /workspace/fileshark/users/adminuser : Date: 2024-04-12 19:45:04,902
INFO:user-adminuser: Loaded directory : /workspace/fileshark/users/adminuser : Date: 2024-04-12 19:45:04,902
INFO:user-adminuser: Loaded directory : /workspace/fileshark/users/adminuser : Date: 2024-04-12 19:45:04,902
INFO:user-adminuser: Loaded directory : /workspace/fileshark/users/adminuser : Date: 2024-04-12 19:46:33,945
INFO:user-adminuser: Loaded directory : /workspace/fileshark/users/adminuser : Date: 2024-04-12 19:46:33,945
INFO:user-adminuser: Loaded directory : /workspace/fileshark/users/adminuser : Date: 2024-04-12 19:46:33,945
INFO:user-adminuser: Loaded directory : /workspace/fileshark/users/adminuser : Date: 2024-04-12 19:46:33,945
INFO:user-adminuser: Loaded directory : /workspace/fileshark/users/adminuser : Date: 2024-04-12 19:46:33,945
INFO:user-adminuser: Loaded directory : /workspace/fileshark/users/adminuser : Date: 2024-04-12 19:46:33,945
INFO:user-adminuser: Loaded directory : /workspace/fileshark/users/adminuser : Date: 2024-04-12 19:46:33,945
INFO:user-adminuser: Loaded directory : /workspace/fileshark/users/adminuser : Date: 2024-04-12 19:46:33,945
INFO:user-adminuser: Loaded directory : /workspace/fileshark/users/adminuser : Date: 2024-04-12 19:46:33,945
INFO:user-adminuser: Loaded directory : /workspace/fileshark/users/adminuser : Date: 2024-04-12 19:46:33,945
INFO:user-adminuser: Loaded directory : /workspace/fileshark/users/adminuser : Date: 2024-04-12 19:46:33,945
INFO:user-adminuser: Loaded directory : /workspace/fileshark/users/adminuser : Date: 2024-04-12 19:46:33,945
INFO:user-adminuser: Loaded directory : /workspace/fileshark/users/adminuser : Date: 2024-04-12 19:46:33,945
INFO:user-adminuser: Loaded directory : /workspace/fileshark/users/adminuser : Date: 2024-04-12 19:46:33,945
INFO:user-adminuser: Loaded directory : /workspace/fileshark/users/adminuser : Date: 2024-04-12 19:46:33,945
INFO:user-adminuser: Loaded directory : /workspace/fileshark/users/adminuser : Date: 2024-04-12 19:46:33,945
INFO:user-adminuser: Loaded directory : /workspace/fileshark/users/adminuser : Date: 2024-04-12 19:46:33,945
INFO:user-adminuser: Loaded directory : /workspace/fileshark/users/adminuser : Date: 2024-04-12 19:46:33,945
INFO:user-adminuser: Loaded directory : /workspace/fileshark/users/adminuser : Date: 2024-04-12 19:46:37,236
INFO:user-adminuser: Loaded directory : /workspace/fileshark/users/adminuser : Date: 2024-04-12 19:46:37,236
INFO:user-adminuser: Loaded directory : /workspace/fileshark/users/adminuser : Date: 2024-04-12 19:46:37,236
INFO:user-adminuser: Loaded directory : /workspace/fileshark/users/adminuser : Date: 2024-04-12 19:46:37,236
INFO:user-adminuser: Loaded directory : /workspace/fileshark/users/adminuser : Date: 2024-04-12 19:46:37,236
INFO:user-adminuser: Loaded directory : /workspace/fileshark/users/adminuser : Date: 2024-04-12 19:46:37,236
INFO:user-adminuser: Loaded directory : /workspace/fileshark/users/adminuser : Date: 2024-04-12 19:46:37,236
INFO:user-adminuser: Loaded directory : /workspace/fileshark/users/adminuser : Date: 2024-04-12 19:46:37,236
INFO:user-adminuser: Loaded directory : /workspace/fileshark/users/adminuser : Date: 2024-04-12 19:46:37,236
INFO:user-adminuser: Loaded directory : /workspace/fileshark/users/adminuser : Date: 2024-04-12 19:46:37,236
INFO:user-adminuser: Loaded directory : /workspace/fileshark/users/adminuser : Date: 2024-04-12 19:46:37,236
INFO:user-adminuser: Loaded directory : /workspace/fileshark/users/adminuser : Date: 2024-04-12 19:46:37,236
INFO:user-adminuser: Loaded directory : /workspace/fileshark/users/adminuser : Date: 2024-04-12 19:46:37,236
INFO:user-adminuser: Loaded directory : /workspace/fileshark/users/adminuser : Date: 2024-04-12 19:46:37,236
INFO:user-adminuser: Loaded directory : /workspace/fileshark/users/adminuser : Date: 2024-04-12 19:46:37,236
INFO:user-adminuser: Loaded directory : /workspace/fileshark/users/adminuser : Date: 2024-04-12 19:46:37,236
INFO:user-adminuser: Loaded directory : /workspace/fileshark/users/adminuser : Date: 2024-04-12 19:46:37,236
INFO:user-adminuser: Loaded directory : /workspace/fileshark/users/adminuser : Date: 2024-04-12 19:46:37,236
INFO:user-adminuser: Loaded directory : /workspace/fileshark/users/adminuser : Date: 2024-04-12 19:46:37,236
INFO:user-adminuser: Loaded directory : /workspace/fileshark/users/adminuser : Date: 2024-04-12 19:47:18,315
INFO:user-adminuser: Loaded directory : /workspace/fileshark/users/adminuser : Date: 2024-04-12 19:47:18,315
INFO:user-adminuser: Loaded directory : /workspace/fileshark/users/adminuser : Date: 2024-04-12 19:47:18,315
INFO:user-adminuser: Loaded directory : /workspace/fileshark/users/adminuser : Date: 2024-04-12 19:47:18,315
INFO:user-adminuser: Loaded directory : /workspace/fileshark/users/adminuser : Date: 2024-04-12 19:47:18,315
INFO:user-adminuser: Loaded directory : /workspace/fileshark/users/adminuser : Date: 2024-04-12 19:47:18,315
INFO:user-adminuser: Loaded directory : /workspace/fileshark/users/adminuser : Date: 2024-04-12 19:47:18,315
INFO:user-adminuser: Loaded directory : /workspace/fileshark/users/adminuser : Date: 2024-04-12 19:47:18,315
INFO:user-adminuser: Loaded directory : /workspace/fileshark/users/adminuser : Date: 2024-04-12 19:47:18,315
INFO:user-adminuser: Loaded directory : /workspace/fileshark/users/adminuser : Date: 2024-04-12 19:47:18,315
INFO:user-adminuser: Loaded directory : /workspace/fileshark/users/adminuser : Date: 2024-04-12 19:47:18,315
INFO:user-adminuser: Loaded directory : /workspace/fileshark/users/adminuser : Date: 2024-04-12 19:47:18,315
INFO:user-adminuser: Loaded directory : /workspace/fileshark/users/adminuser : Date: 2024-04-12 19:47:18,315
INFO:user-adminuser: Loaded directory : /workspace/fileshark/users/adminuser : Date: 2024-04-12 19:47:18,315
INFO:user-adminuser: Loaded directory : /workspace/fileshark/users/adminuser : Date: 2024-04-12 19:47:18,315
INFO:user-adminuser: Loaded directory : /workspace/fileshark/users/adminuser : Date: 2024-04-12 19:47:18,315
INFO:user-adminuser: Loaded directory : /workspace/fileshark/users/adminuser : Date: 2024-04-12 19:47:18,315
INFO:user-adminuser: Loaded directory : /workspace/fileshark/users/adminuser : Date: 2024-04-12 19:47:18,315
INFO:user-adminuser: Loaded directory : /workspace/fileshark/users/adminuser : Date: 2024-04-12 19:47:18,315
INFO:user-adminuser: Loaded directory : /workspace/fileshark/users/adminuser : Date: 2024-04-12 19:47:18,315
